[ DEBUG  ]   ##   Server configured.
[ NORMAL ]   ##   Connected to rmiregistry at localhost on port 1099
[ DEBUG  ]  09:32:01 10 massim.framework.connection.InetSocketListener.waitForIncomingSocket:28
[ DEBUG  ]   ##   waiting for connection...
[ DEBUG  ]   ##   RMI HOST: localhost
[ DEBUG  ]   ##   RMI PORT: 1099
[ NORMAL ]   ##   Please press ENTER to start the tournament.
[ DEBUG  ]   ##   got a connection
[ DEBUG  ]  09:32:05 10 massim.framework.connection.InetSocketListener.waitForIncomingSocket:28
[ DEBUG  ]  09:32:05 19 massim.framework.connection.AbstractSocketLoginManager.handleSocket:33
[ DEBUG  ]   ##   waiting for connection...
[ DEBUG  ]   ##   retrieving authentication from client 
[ DEBUG  ]   ##   <?xml version="1.0" encoding="UTF-8"?><message type="auth-request"><authentication password="1" username="a1"/></message>
[ NORMAL ]   ##   got authentication: username=a1 password=1 Address=127.0.0.1
[ DEBUG  ]   ##   received socket:Socket[addr=/127.0.0.1,port=35555,localport=12300]
[ DEBUG  ]   ##   got a connection
[ DEBUG  ]  09:32:05 10 massim.framework.connection.InetSocketListener.waitForIncomingSocket:28
[ DEBUG  ]  09:32:05 22 massim.framework.connection.AbstractSocketLoginManager.handleSocket:33
[ DEBUG  ]   ##   waiting for connection...
[ DEBUG  ]   ##   retrieving authentication from client 
[ DEBUG  ]   ##   <?xml version="1.0" encoding="UTF-8"?><message type="auth-request"><authentication password="1" username="a2"/></message>
[ NORMAL ]   ##   got authentication: username=a2 password=1 Address=127.0.0.1
[ DEBUG  ]   ##   received socket:Socket[addr=/127.0.0.1,port=35556,localport=12300]
[ DEBUG  ]   ##   got a connection
[ DEBUG  ]  09:32:05 10 massim.framework.connection.InetSocketListener.waitForIncomingSocket:28
[ DEBUG  ]  09:32:05 25 massim.framework.connection.AbstractSocketLoginManager.handleSocket:33
[ DEBUG  ]   ##   waiting for connection...
[ DEBUG  ]   ##   retrieving authentication from client 
[ DEBUG  ]   ##   <?xml version="1.0" encoding="UTF-8"?><message type="auth-request"><authentication password="1" username="a3"/></message>
[ NORMAL ]   ##   got authentication: username=a3 password=1 Address=127.0.0.1
[ DEBUG  ]   ##   received socket:Socket[addr=/127.0.0.1,port=35557,localport=12300]
[ DEBUG  ]   ##   got a connection
[ DEBUG  ]  09:32:05 10 massim.framework.connection.InetSocketListener.waitForIncomingSocket:28
[ DEBUG  ]  09:32:05 28 massim.framework.connection.AbstractSocketLoginManager.handleSocket:33
[ DEBUG  ]   ##   waiting for connection...
[ DEBUG  ]   ##   retrieving authentication from client 
[ DEBUG  ]   ##   <?xml version="1.0" encoding="UTF-8"?><message type="auth-request"><authentication password="1" username="a4"/></message>
[ NORMAL ]   ##   got authentication: username=a4 password=1 Address=127.0.0.1
[ DEBUG  ]   ##   received socket:Socket[addr=/127.0.0.1,port=35558,localport=12300]
[ DEBUG  ]   ##   got a connection
[ DEBUG  ]  09:32:05 10 massim.framework.connection.InetSocketListener.waitForIncomingSocket:28
[ DEBUG  ]  09:32:05 31 massim.framework.connection.AbstractSocketLoginManager.handleSocket:33
[ DEBUG  ]   ##   waiting for connection...
[ DEBUG  ]   ##   retrieving authentication from client 
[ DEBUG  ]   ##   <?xml version="1.0" encoding="UTF-8"?><message type="auth-request"><authentication password="1" username="a5"/></message>
[ NORMAL ]   ##   got authentication: username=a5 password=1 Address=127.0.0.1
[ DEBUG  ]   ##   received socket:Socket[addr=/127.0.0.1,port=35559,localport=12300]
[ DEBUG  ]   ##   got a connection
[ DEBUG  ]  09:32:05 10 massim.framework.connection.InetSocketListener.waitForIncomingSocket:28
[ DEBUG  ]  09:32:05 34 massim.framework.connection.AbstractSocketLoginManager.handleSocket:33
[ DEBUG  ]   ##   waiting for connection...
[ DEBUG  ]   ##   retrieving authentication from client 
[ DEBUG  ]   ##   <?xml version="1.0" encoding="UTF-8"?><message type="auth-request"><authentication password="1" username="a6"/></message>
[ NORMAL ]   ##   got authentication: username=a6 password=1 Address=127.0.0.1
[ DEBUG  ]   ##   received socket:Socket[addr=/127.0.0.1,port=35560,localport=12300]
[ DEBUG  ]   ##   got a connection
[ DEBUG  ]  09:32:05 10 massim.framework.connection.InetSocketListener.waitForIncomingSocket:28
[ DEBUG  ]   ##   waiting for connection...
[ DEBUG  ]  09:32:05 37 massim.framework.connection.AbstractSocketLoginManager.handleSocket:33
[ DEBUG  ]   ##   retrieving authentication from client 
[ DEBUG  ]   ##   <?xml version="1.0" encoding="UTF-8"?><message type="auth-request"><authentication password="1" username="a7"/></message>
[ NORMAL ]   ##   got authentication: username=a7 password=1 Address=127.0.0.1
[ DEBUG  ]   ##   received socket:Socket[addr=/127.0.0.1,port=35561,localport=12300]
[ DEBUG  ]   ##   got a connection
[ DEBUG  ]  09:32:05 10 massim.framework.connection.InetSocketListener.waitForIncomingSocket:28
[ DEBUG  ]  09:32:05 40 massim.framework.connection.AbstractSocketLoginManager.handleSocket:33
[ DEBUG  ]   ##   waiting for connection...
[ DEBUG  ]   ##   retrieving authentication from client 
[ DEBUG  ]   ##   <?xml version="1.0" encoding="UTF-8"?><message type="auth-request"><authentication password="1" username="a8"/></message>
[ NORMAL ]   ##   got authentication: username=a8 password=1 Address=127.0.0.1
[ DEBUG  ]   ##   received socket:Socket[addr=/127.0.0.1,port=35562,localport=12300]
[ DEBUG  ]   ##   got a connection
[ DEBUG  ]  09:32:05 10 massim.framework.connection.InetSocketListener.waitForIncomingSocket:28
[ DEBUG  ]  09:32:05 43 massim.framework.connection.AbstractSocketLoginManager.handleSocket:33
[ DEBUG  ]   ##   waiting for connection...
[ DEBUG  ]   ##   retrieving authentication from client 
[ DEBUG  ]   ##   <?xml version="1.0" encoding="UTF-8"?><message type="auth-request"><authentication password="1" username="a9"/></message>
[ NORMAL ]   ##   got authentication: username=a9 password=1 Address=127.0.0.1
[ DEBUG  ]   ##   received socket:Socket[addr=/127.0.0.1,port=35563,localport=12300]
[ DEBUG  ]   ##   got a connection
[ DEBUG  ]  09:32:05 10 massim.framework.connection.InetSocketListener.waitForIncomingSocket:28
[ DEBUG  ]  09:32:05 46 massim.framework.connection.AbstractSocketLoginManager.handleSocket:33
[ DEBUG  ]   ##   waiting for connection...
[ DEBUG  ]   ##   retrieving authentication from client 
[ DEBUG  ]   ##   <?xml version="1.0" encoding="UTF-8"?><message type="auth-request"><authentication password="1" username="a10"/></message>
[ NORMAL ]   ##   got authentication: username=a10 password=1 Address=127.0.0.1
[ DEBUG  ]   ##   received socket:Socket[addr=/127.0.0.1,port=35564,localport=12300]
[ DEBUG  ]   ##   got a connection
[ DEBUG  ]  09:32:05 10 massim.framework.connection.InetSocketListener.waitForIncomingSocket:28
[ DEBUG  ]  09:32:05 49 massim.framework.connection.AbstractSocketLoginManager.handleSocket:33
[ DEBUG  ]   ##   waiting for connection...
[ DEBUG  ]   ##   retrieving authentication from client 
[ DEBUG  ]   ##   <?xml version="1.0" encoding="UTF-8"?><message type="auth-request"><authentication password="1" username="a11"/></message>
[ NORMAL ]   ##   got authentication: username=a11 password=1 Address=127.0.0.1
[ DEBUG  ]   ##   received socket:Socket[addr=/127.0.0.1,port=35565,localport=12300]
[ DEBUG  ]   ##   got a connection
[ DEBUG  ]  09:32:05 10 massim.framework.connection.InetSocketListener.waitForIncomingSocket:28
[ DEBUG  ]  09:32:05 52 massim.framework.connection.AbstractSocketLoginManager.handleSocket:33
[ DEBUG  ]   ##   waiting for connection...
[ DEBUG  ]   ##   retrieving authentication from client 
[ DEBUG  ]   ##   <?xml version="1.0" encoding="UTF-8"?><message type="auth-request"><authentication password="1" username="a12"/></message>
[ NORMAL ]   ##   got authentication: username=a12 password=1 Address=127.0.0.1
[ DEBUG  ]   ##   received socket:Socket[addr=/127.0.0.1,port=35566,localport=12300]
[ DEBUG  ]   ##   got a connection
[ DEBUG  ]  09:32:05 55 massim.framework.connection.AbstractSocketLoginManager.handleSocket:33
[ DEBUG  ]  09:32:05 10 massim.framework.connection.InetSocketListener.waitForIncomingSocket:28
[ DEBUG  ]   ##   retrieving authentication from client 
[ DEBUG  ]   ##   waiting for connection...
[ DEBUG  ]   ##   <?xml version="1.0" encoding="UTF-8"?><message type="auth-request"><authentication password="1" username="a13"/></message>
[ NORMAL ]   ##   got authentication: username=a13 password=1 Address=127.0.0.1
[ DEBUG  ]   ##   received socket:Socket[addr=/127.0.0.1,port=35567,localport=12300]
[ DEBUG  ]   ##   got a connection
[ DEBUG  ]  09:32:05 10 massim.framework.connection.InetSocketListener.waitForIncomingSocket:28
[ DEBUG  ]  09:32:05 58 massim.framework.connection.AbstractSocketLoginManager.handleSocket:33
[ DEBUG  ]   ##   waiting for connection...
[ DEBUG  ]   ##   retrieving authentication from client 
[ DEBUG  ]   ##   <?xml version="1.0" encoding="UTF-8"?><message type="auth-request"><authentication password="1" username="a14"/></message>
[ NORMAL ]   ##   got authentication: username=a14 password=1 Address=127.0.0.1
[ DEBUG  ]   ##   received socket:Socket[addr=/127.0.0.1,port=35568,localport=12300]
[ DEBUG  ]   ##   got a connection
[ DEBUG  ]  09:32:05 10 massim.framework.connection.InetSocketListener.waitForIncomingSocket:28
[ DEBUG  ]  09:32:05 61 massim.framework.connection.AbstractSocketLoginManager.handleSocket:33
[ DEBUG  ]   ##   waiting for connection...
[ DEBUG  ]   ##   retrieving authentication from client 
[ DEBUG  ]   ##   <?xml version="1.0" encoding="UTF-8"?><message type="auth-request"><authentication password="1" username="a15"/></message>
[ NORMAL ]   ##   got authentication: username=a15 password=1 Address=127.0.0.1
[ DEBUG  ]   ##   received socket:Socket[addr=/127.0.0.1,port=35569,localport=12300]
[ DEBUG  ]   ##   got a connection
[ DEBUG  ]  09:32:05 10 massim.framework.connection.InetSocketListener.waitForIncomingSocket:28
[ DEBUG  ]  09:32:05 64 massim.framework.connection.AbstractSocketLoginManager.handleSocket:33
[ DEBUG  ]   ##   waiting for connection...
[ DEBUG  ]   ##   retrieving authentication from client 
[ DEBUG  ]   ##   <?xml version="1.0" encoding="UTF-8"?><message type="auth-request"><authentication password="1" username="a16"/></message>
[ NORMAL ]   ##   got authentication: username=a16 password=1 Address=127.0.0.1
[ DEBUG  ]   ##   received socket:Socket[addr=/127.0.0.1,port=35570,localport=12300]
[ DEBUG  ]   ##   got a connection
[ DEBUG  ]  09:32:05 10 massim.framework.connection.InetSocketListener.waitForIncomingSocket:28
[ DEBUG  ]  09:32:05 67 massim.framework.connection.AbstractSocketLoginManager.handleSocket:33
[ DEBUG  ]   ##   waiting for connection...
[ DEBUG  ]   ##   retrieving authentication from client 
[ DEBUG  ]   ##   <?xml version="1.0" encoding="UTF-8"?><message type="auth-request"><authentication password="1" username="b1"/></message>
[ NORMAL ]   ##   got authentication: username=b1 password=1 Address=127.0.0.1
[ DEBUG  ]   ##   received socket:Socket[addr=/127.0.0.1,port=35571,localport=12300]
[ DEBUG  ]   ##   got a connection
[ DEBUG  ]  09:32:05 10 massim.framework.connection.InetSocketListener.waitForIncomingSocket:28
[ DEBUG  ]  09:32:05 70 massim.framework.connection.AbstractSocketLoginManager.handleSocket:33
[ DEBUG  ]   ##   waiting for connection...
[ DEBUG  ]   ##   retrieving authentication from client 
[ DEBUG  ]   ##   <?xml version="1.0" encoding="UTF-8"?><message type="auth-request"><authentication password="1" username="b2"/></message>
[ NORMAL ]   ##   got authentication: username=b2 password=1 Address=127.0.0.1
[ DEBUG  ]   ##   received socket:Socket[addr=/127.0.0.1,port=35572,localport=12300]
[ DEBUG  ]   ##   got a connection
[ DEBUG  ]  09:32:05 10 massim.framework.connection.InetSocketListener.waitForIncomingSocket:28
[ DEBUG  ]  09:32:05 73 massim.framework.connection.AbstractSocketLoginManager.handleSocket:33
[ DEBUG  ]   ##   waiting for connection...
[ DEBUG  ]   ##   retrieving authentication from client 
[ DEBUG  ]   ##   <?xml version="1.0" encoding="UTF-8"?><message type="auth-request"><authentication password="1" username="b3"/></message>
[ NORMAL ]   ##   got authentication: username=b3 password=1 Address=127.0.0.1
[ DEBUG  ]   ##   received socket:Socket[addr=/127.0.0.1,port=35573,localport=12300]
[ DEBUG  ]   ##   got a connection
[ DEBUG  ]  09:32:05 10 massim.framework.connection.InetSocketListener.waitForIncomingSocket:28
[ DEBUG  ]  09:32:05 76 massim.framework.connection.AbstractSocketLoginManager.handleSocket:33
[ DEBUG  ]   ##   waiting for connection...
[ DEBUG  ]   ##   retrieving authentication from client 
[ DEBUG  ]   ##   <?xml version="1.0" encoding="UTF-8"?><message type="auth-request"><authentication password="1" username="b4"/></message>
[ NORMAL ]   ##   got authentication: username=b4 password=1 Address=127.0.0.1
[ DEBUG  ]   ##   received socket:Socket[addr=/127.0.0.1,port=35574,localport=12300]
[ DEBUG  ]   ##   got a connection
[ DEBUG  ]  09:32:05 10 massim.framework.connection.InetSocketListener.waitForIncomingSocket:28
[ DEBUG  ]  09:32:05 79 massim.framework.connection.AbstractSocketLoginManager.handleSocket:33
[ DEBUG  ]   ##   retrieving authentication from client 
[ DEBUG  ]   ##   waiting for connection...
[ DEBUG  ]   ##   <?xml version="1.0" encoding="UTF-8"?><message type="auth-request"><authentication password="1" username="b5"/></message>
[ NORMAL ]   ##   got authentication: username=b5 password=1 Address=127.0.0.1
[ DEBUG  ]   ##   received socket:Socket[addr=/127.0.0.1,port=35575,localport=12300]
[ DEBUG  ]   ##   got a connection
[ DEBUG  ]  09:32:05 82 massim.framework.connection.AbstractSocketLoginManager.handleSocket:33
[ DEBUG  ]  09:32:05 10 massim.framework.connection.InetSocketListener.waitForIncomingSocket:28
[ DEBUG  ]   ##   retrieving authentication from client 
[ DEBUG  ]   ##   waiting for connection...
[ DEBUG  ]   ##   <?xml version="1.0" encoding="UTF-8"?><message type="auth-request"><authentication password="1" username="b6"/></message>
[ NORMAL ]   ##   got authentication: username=b6 password=1 Address=127.0.0.1
[ DEBUG  ]   ##   received socket:Socket[addr=/127.0.0.1,port=35576,localport=12300]
[ DEBUG  ]   ##   got a connection
[ DEBUG  ]  09:32:05 85 massim.framework.connection.AbstractSocketLoginManager.handleSocket:33
[ DEBUG  ]  09:32:05 10 massim.framework.connection.InetSocketListener.waitForIncomingSocket:28
[ DEBUG  ]   ##   retrieving authentication from client 
[ DEBUG  ]   ##   waiting for connection...
[ DEBUG  ]   ##   <?xml version="1.0" encoding="UTF-8"?><message type="auth-request"><authentication password="1" username="b7"/></message>
[ NORMAL ]   ##   got authentication: username=b7 password=1 Address=127.0.0.1
[ DEBUG  ]   ##   received socket:Socket[addr=/127.0.0.1,port=35577,localport=12300]
[ DEBUG  ]   ##   got a connection
[ DEBUG  ]  09:32:05 10 massim.framework.connection.InetSocketListener.waitForIncomingSocket:28
[ DEBUG  ]  09:32:05 88 massim.framework.connection.AbstractSocketLoginManager.handleSocket:33
[ DEBUG  ]   ##   waiting for connection...
[ DEBUG  ]   ##   retrieving authentication from client 
[ DEBUG  ]   ##   <?xml version="1.0" encoding="UTF-8"?><message type="auth-request"><authentication password="1" username="b8"/></message>
[ NORMAL ]   ##   got authentication: username=b8 password=1 Address=127.0.0.1
[ DEBUG  ]   ##   received socket:Socket[addr=/127.0.0.1,port=35578,localport=12300]
[ DEBUG  ]   ##   got a connection
[ DEBUG  ]  09:32:05 10 massim.framework.connection.InetSocketListener.waitForIncomingSocket:28
[ DEBUG  ]  09:32:05 91 massim.framework.connection.AbstractSocketLoginManager.handleSocket:33
[ DEBUG  ]   ##   waiting for connection...
[ DEBUG  ]   ##   retrieving authentication from client 
[ DEBUG  ]   ##   <?xml version="1.0" encoding="UTF-8"?><message type="auth-request"><authentication password="1" username="b9"/></message>
[ NORMAL ]   ##   got authentication: username=b9 password=1 Address=127.0.0.1
[ DEBUG  ]   ##   received socket:Socket[addr=/127.0.0.1,port=35579,localport=12300]
[ DEBUG  ]   ##   got a connection
[ DEBUG  ]  09:32:05 10 massim.framework.connection.InetSocketListener.waitForIncomingSocket:28
[ DEBUG  ]  09:32:05 94 massim.framework.connection.AbstractSocketLoginManager.handleSocket:33
[ DEBUG  ]   ##   waiting for connection...
[ DEBUG  ]   ##   retrieving authentication from client 
[ DEBUG  ]   ##   <?xml version="1.0" encoding="UTF-8"?><message type="auth-request"><authentication password="1" username="b10"/></message>
[ NORMAL ]   ##   got authentication: username=b10 password=1 Address=127.0.0.1
[ DEBUG  ]   ##   received socket:Socket[addr=/127.0.0.1,port=35580,localport=12300]
[ DEBUG  ]   ##   got a connection
[ DEBUG  ]  09:32:05 10 massim.framework.connection.InetSocketListener.waitForIncomingSocket:28
[ DEBUG  ]  09:32:05 97 massim.framework.connection.AbstractSocketLoginManager.handleSocket:33
[ DEBUG  ]   ##   waiting for connection...
[ DEBUG  ]   ##   retrieving authentication from client 
[ DEBUG  ]   ##   <?xml version="1.0" encoding="UTF-8"?><message type="auth-request"><authentication password="1" username="b11"/></message>
[ NORMAL ]   ##   got authentication: username=b11 password=1 Address=127.0.0.1
[ DEBUG  ]   ##   received socket:Socket[addr=/127.0.0.1,port=35581,localport=12300]
[ DEBUG  ]   ##   got a connection
[ DEBUG  ]  09:32:05 10 massim.framework.connection.InetSocketListener.waitForIncomingSocket:28
[ DEBUG  ]  09:32:05 100 massim.framework.connection.AbstractSocketLoginManager.handleSocket:33
[ DEBUG  ]   ##   waiting for connection...
[ DEBUG  ]   ##   retrieving authentication from client 
[ DEBUG  ]   ##   <?xml version="1.0" encoding="UTF-8"?><message type="auth-request"><authentication password="1" username="b12"/></message>
[ NORMAL ]   ##   got authentication: username=b12 password=1 Address=127.0.0.1
[ DEBUG  ]   ##   received socket:Socket[addr=/127.0.0.1,port=35582,localport=12300]
[ DEBUG  ]   ##   got a connection
[ DEBUG  ]  09:32:05 10 massim.framework.connection.InetSocketListener.waitForIncomingSocket:28
[ DEBUG  ]  09:32:05 103 massim.framework.connection.AbstractSocketLoginManager.handleSocket:33
[ DEBUG  ]   ##   waiting for connection...
[ DEBUG  ]   ##   retrieving authentication from client 
[ DEBUG  ]   ##   <?xml version="1.0" encoding="UTF-8"?><message type="auth-request"><authentication password="1" username="b13"/></message>
[ NORMAL ]   ##   got authentication: username=b13 password=1 Address=127.0.0.1
[ DEBUG  ]   ##   received socket:Socket[addr=/127.0.0.1,port=35583,localport=12300]
[ DEBUG  ]   ##   got a connection
[ DEBUG  ]  09:32:05 106 massim.framework.connection.AbstractSocketLoginManager.handleSocket:33
[ DEBUG  ]   ##   retrieving authentication from client 
[ DEBUG  ]  09:32:05 10 massim.framework.connection.InetSocketListener.waitForIncomingSocket:28
[ DEBUG  ]   ##   waiting for connection...
[ DEBUG  ]   ##   <?xml version="1.0" encoding="UTF-8"?><message type="auth-request"><authentication password="1" username="b14"/></message>
[ NORMAL ]   ##   got authentication: username=b14 password=1 Address=127.0.0.1
[ DEBUG  ]   ##   received socket:Socket[addr=/127.0.0.1,port=35584,localport=12300]
[ DEBUG  ]   ##   got a connection
[ DEBUG  ]  09:32:05 10 massim.framework.connection.InetSocketListener.waitForIncomingSocket:28
[ DEBUG  ]  09:32:05 109 massim.framework.connection.AbstractSocketLoginManager.handleSocket:33
[ DEBUG  ]   ##   waiting for connection...
[ DEBUG  ]   ##   retrieving authentication from client 
[ DEBUG  ]   ##   <?xml version="1.0" encoding="UTF-8"?><message type="auth-request"><authentication password="1" username="b15"/></message>
[ NORMAL ]   ##   got authentication: username=b15 password=1 Address=127.0.0.1
[ DEBUG  ]   ##   received socket:Socket[addr=/127.0.0.1,port=35585,localport=12300]
[ DEBUG  ]   ##   got a connection
[ DEBUG  ]  09:32:05 10 massim.framework.connection.InetSocketListener.waitForIncomingSocket:28
[ DEBUG  ]  09:32:05 112 massim.framework.connection.AbstractSocketLoginManager.handleSocket:33
[ DEBUG  ]   ##   waiting for connection...
[ DEBUG  ]   ##   retrieving authentication from client 
[ DEBUG  ]   ##   <?xml version="1.0" encoding="UTF-8"?><message type="auth-request"><authentication password="1" username="b16"/></message>
[ NORMAL ]   ##   got authentication: username=b16 password=1 Address=127.0.0.1
[ DEBUG  ]   ##   received socket:Socket[addr=/127.0.0.1,port=35586,localport=12300]
[ NORMAL ]   ##   now playing: A vs B
[ NORMAL ]   ##   ######################### new simulation run ----
[ NORMAL ]   ##   Seed for map generation: 1450087553905
[ NORMAL ]   ##   Products will be generated.
[ NORMAL ]   ##   Facilities will be generated.
[ NORMAL ]   ##   Jobs will be generated.
[ NORMAL ]   ##   Agents will be positioned randomly.
[ DEBUG  ]  09:32:08 1 massim.framework.DefaultObserver.start:18
[ DEBUG  ]  09:32:08 1 massim.framework.DefaultObserver.start:18
[ DEBUG  ]  09:32:08 1 massim.framework.ObjectDumperObserver.start:68
[ DEBUG  ]   ##   creating...
[ DEBUG  ]   ##   binding...
[ DEBUG  ]   ##   bound
[ DEBUG  ]  09:32:08 1 massim.framework.DefaultObserver.notifySimulationConfiguration:30
[ DEBUG  ]  09:32:08 1 massim.framework.DefaultObserver.notifySimulationConfiguration:30
[ DEBUG  ]  09:32:08 1 massim.framework.ObjectDumperObserver.notifySimulationStart:50
[ DEBUG  ]  09:32:08 1 massim.framework.XMLOutputObserver.notifySimulationStart:41
[ NORMAL ]   ##   item2 Volume: 208
[ NORMAL ]   ##   item3 Volume: 68
[ NORMAL ]   ##   item4 Volume: 83
[ NORMAL ]   ##   item5 Volume: 172
[ NORMAL ]   ##   item9 Volume: 48
[ NORMAL ]   ##   Products generated.
[ NORMAL ]   ##   Facilities generated.
[ ERROR  ]   ##   CityMap: No route found: Not found
[ ERROR  ]   ##   CityMap: No route found: Not found
[ DEBUG  ]  09:32:09 1 massim.framework.ObjectDumperObserver.notifySimulationState:57
[ NORMAL ]   ##   Simulation at step: 1
[ DEBUG  ]  09:32:09 1 massim.framework.ObjectDumperObserver.notifySimulationState:57
[ NORMAL ]   ##   Simulation at step: 2
[ DEBUG  ]  09:32:09 1 massim.framework.ObjectDumperObserver.notifySimulationState:57
[ NORMAL ]   ##   Simulation at step: 3
[ DEBUG  ]  09:32:09 1 massim.framework.ObjectDumperObserver.notifySimulationState:57
[ NORMAL ]   ##   Simulation at step: 4
[ DEBUG  ]  09:32:10 1 massim.framework.ObjectDumperObserver.notifySimulationState:57
[ NORMAL ]   ##   Simulation at step: 5
[ DEBUG  ]  09:32:10 1 massim.framework.ObjectDumperObserver.notifySimulationState:57
[ NORMAL ]   ##   Simulation at step: 6
[ DEBUG  ]  09:32:10 1 massim.framework.ObjectDumperObserver.notifySimulationState:57
[ NORMAL ]   ##   Simulation at step: 7
[ DEBUG  ]  09:32:10 1 massim.framework.ObjectDumperObserver.notifySimulationState:57
[ NORMAL ]   ##   Simulation at step: 8
[ DEBUG  ]  09:32:10 1 massim.framework.ObjectDumperObserver.notifySimulationState:57
[ NORMAL ]   ##   Simulation at step: 9
[ DEBUG  ]  09:32:10 1 massim.framework.ObjectDumperObserver.notifySimulationState:57
[ NORMAL ]   ##   Simulation at step: 10
[ DEBUG  ]  09:32:10 1 massim.framework.ObjectDumperObserver.notifySimulationState:57
[ NORMAL ]   ##   Simulation at step: 11
[ DEBUG  ]  09:32:11 1 massim.framework.ObjectDumperObserver.notifySimulationState:57
[ NORMAL ]   ##   Simulation at step: 12
[ DEBUG  ]  09:32:11 1 massim.framework.ObjectDumperObserver.notifySimulationState:57
[ NORMAL ]   ##   Simulation at step: 13
[ DEBUG  ]  09:32:11 1 massim.framework.ObjectDumperObserver.notifySimulationState:57
[ NORMAL ]   ##   Simulation at step: 14
[ DEBUG  ]  09:32:11 1 massim.framework.ObjectDumperObserver.notifySimulationState:57
[ NORMAL ]   ##   Simulation at step: 15
[ DEBUG  ]  09:32:11 1 massim.framework.ObjectDumperObserver.notifySimulationState:57
[ NORMAL ]   ##   Simulation at step: 16
[ DEBUG  ]  09:32:11 1 massim.framework.ObjectDumperObserver.notifySimulationState:57
[ NORMAL ]   ##   Simulation at step: 17
[ DEBUG  ]  09:32:11 1 massim.framework.ObjectDumperObserver.notifySimulationState:57
[ NORMAL ]   ##   Simulation at step: 18
[ DEBUG  ]  09:32:11 1 massim.framework.ObjectDumperObserver.notifySimulationState:57
[ NORMAL ]   ##   Simulation at step: 19
[ DEBUG  ]  09:32:12 1 massim.framework.ObjectDumperObserver.notifySimulationState:57
[ NORMAL ]   ##   Simulation at step: 20
[ DEBUG  ]  09:32:12 1 massim.framework.ObjectDumperObserver.notifySimulationState:57
[ NORMAL ]   ##   Simulation at step: 21
[ DEBUG  ]  09:32:12 1 massim.framework.ObjectDumperObserver.notifySimulationState:57
[ NORMAL ]   ##   Simulation at step: 22
[ DEBUG  ]  09:32:12 1 massim.framework.ObjectDumperObserver.notifySimulationState:57
[ NORMAL ]   ##   Simulation at step: 23
[ DEBUG  ]  09:32:12 1 massim.framework.ObjectDumperObserver.notifySimulationState:57
[ NORMAL ]   ##   Simulation at step: 24
[ DEBUG  ]  09:32:12 1 massim.framework.ObjectDumperObserver.notifySimulationState:57
[ NORMAL ]   ##   Simulation at step: 25
[ DEBUG  ]  09:32:12 1 massim.framework.ObjectDumperObserver.notifySimulationState:57
[ NORMAL ]   ##   Simulation at step: 26
[ DEBUG  ]  09:32:12 1 massim.framework.ObjectDumperObserver.notifySimulationState:57
[ NORMAL ]   ##   Simulation at step: 27
[ DEBUG  ]  09:32:13 1 massim.framework.ObjectDumperObserver.notifySimulationState:57
[ NORMAL ]   ##   Simulation at step: 28
[ DEBUG  ]  09:32:13 1 massim.framework.ObjectDumperObserver.notifySimulationState:57
[ NORMAL ]   ##   Simulation at step: 29
[ DEBUG  ]  09:32:13 1 massim.framework.ObjectDumperObserver.notifySimulationState:57
[ NORMAL ]   ##   Simulation at step: 30
[ DEBUG  ]  09:32:13 1 massim.framework.ObjectDumperObserver.notifySimulationState:57
[ NORMAL ]   ##   Simulation at step: 31
[ DEBUG  ]  09:32:13 1 massim.framework.ObjectDumperObserver.notifySimulationState:57
[ NORMAL ]   ##   Simulation at step: 32
[ DEBUG  ]  09:32:13 1 massim.framework.ObjectDumperObserver.notifySimulationState:57
[ NORMAL ]   ##   Simulation at step: 33
[ DEBUG  ]  09:32:13 1 massim.framework.ObjectDumperObserver.notifySimulationState:57
