[ DEBUG  ]   ##   Server configured.
[ NORMAL ]   ##   Connected to rmiregistry at localhost on port 1099
[ DEBUG  ]  17:05:10 10 massim.framework.connection.InetSocketListener.waitForIncomingSocket:28
[ DEBUG  ]   ##   waiting for connection...
[ DEBUG  ]   ##   RMI HOST: localhost
[ DEBUG  ]   ##   RMI PORT: 1099
[ NORMAL ]   ##   Please press ENTER to start the tournament.
[ DEBUG  ]   ##   got a connection
[ DEBUG  ]  17:05:14 10 massim.framework.connection.InetSocketListener.waitForIncomingSocket:28
[ DEBUG  ]  17:05:14 20 massim.framework.connection.AbstractSocketLoginManager.handleSocket:33
[ DEBUG  ]   ##   waiting for connection...
[ DEBUG  ]   ##   retrieving authentication from client 
[ DEBUG  ]   ##   <?xml version="1.0" encoding="UTF-8" standalone="no"?><message type="auth-request"><authentication password="1" username="b1"/></message>
[ NORMAL ]   ##   got authentication: username=b1 password=1 Address=127.0.0.1
[ DEBUG  ]   ##   received socket:Socket[addr=/127.0.0.1,port=60030,localport=12300]
[ DEBUG  ]   ##   got a connection
[ DEBUG  ]  17:05:15 10 massim.framework.connection.InetSocketListener.waitForIncomingSocket:28
[ DEBUG  ]  17:05:15 23 massim.framework.connection.AbstractSocketLoginManager.handleSocket:33
[ DEBUG  ]   ##   waiting for connection...
[ DEBUG  ]   ##   retrieving authentication from client 
[ DEBUG  ]   ##   <?xml version="1.0" encoding="UTF-8" standalone="no"?><message type="auth-request"><authentication password="1" username="b2"/></message>
[ NORMAL ]   ##   got authentication: username=b2 password=1 Address=127.0.0.1
[ DEBUG  ]   ##   received socket:Socket[addr=/127.0.0.1,port=60031,localport=12300]
[ DEBUG  ]   ##   got a connection
[ DEBUG  ]  17:05:15 10 massim.framework.connection.InetSocketListener.waitForIncomingSocket:28
[ DEBUG  ]  17:05:15 26 massim.framework.connection.AbstractSocketLoginManager.handleSocket:33
[ DEBUG  ]   ##   waiting for connection...
[ DEBUG  ]   ##   retrieving authentication from client 
[ DEBUG  ]   ##   <?xml version="1.0" encoding="UTF-8" standalone="no"?><message type="auth-request"><authentication password="1" username="b3"/></message>
[ NORMAL ]   ##   got authentication: username=b3 password=1 Address=127.0.0.1
[ DEBUG  ]   ##   received socket:Socket[addr=/127.0.0.1,port=60032,localport=12300]
[ DEBUG  ]   ##   got a connection
[ DEBUG  ]  17:05:15 29 massim.framework.connection.AbstractSocketLoginManager.handleSocket:33
[ DEBUG  ]  17:05:15 10 massim.framework.connection.InetSocketListener.waitForIncomingSocket:28
[ DEBUG  ]   ##   retrieving authentication from client 
[ DEBUG  ]   ##   waiting for connection...
[ DEBUG  ]   ##   <?xml version="1.0" encoding="UTF-8" standalone="no"?><message type="auth-request"><authentication password="1" username="b4"/></message>
[ NORMAL ]   ##   got authentication: username=b4 password=1 Address=127.0.0.1
[ DEBUG  ]   ##   received socket:Socket[addr=/127.0.0.1,port=60033,localport=12300]
[ DEBUG  ]   ##   got a connection
[ DEBUG  ]  17:05:15 10 massim.framework.connection.InetSocketListener.waitForIncomingSocket:28
[ DEBUG  ]  17:05:15 32 massim.framework.connection.AbstractSocketLoginManager.handleSocket:33
[ DEBUG  ]   ##   waiting for connection...
[ DEBUG  ]   ##   retrieving authentication from client 
[ DEBUG  ]   ##   <?xml version="1.0" encoding="UTF-8" standalone="no"?><message type="auth-request"><authentication password="1" username="b5"/></message>
[ NORMAL ]   ##   got authentication: username=b5 password=1 Address=127.0.0.1
[ DEBUG  ]   ##   received socket:Socket[addr=/127.0.0.1,port=60034,localport=12300]
[ DEBUG  ]   ##   got a connection
[ DEBUG  ]  17:05:15 35 massim.framework.connection.AbstractSocketLoginManager.handleSocket:33
[ DEBUG  ]  17:05:15 10 massim.framework.connection.InetSocketListener.waitForIncomingSocket:28
[ DEBUG  ]   ##   retrieving authentication from client 
[ DEBUG  ]   ##   waiting for connection...
[ DEBUG  ]   ##   <?xml version="1.0" encoding="UTF-8" standalone="no"?><message type="auth-request"><authentication password="1" username="b6"/></message>
[ NORMAL ]   ##   got authentication: username=b6 password=1 Address=127.0.0.1
[ DEBUG  ]   ##   received socket:Socket[addr=/127.0.0.1,port=60035,localport=12300]
[ DEBUG  ]   ##   got a connection
[ DEBUG  ]  17:05:15 10 massim.framework.connection.InetSocketListener.waitForIncomingSocket:28
[ DEBUG  ]  17:05:15 38 massim.framework.connection.AbstractSocketLoginManager.handleSocket:33
[ DEBUG  ]   ##   waiting for connection...
[ DEBUG  ]   ##   retrieving authentication from client 
[ DEBUG  ]   ##   <?xml version="1.0" encoding="UTF-8" standalone="no"?><message type="auth-request"><authentication password="1" username="b7"/></message>
[ NORMAL ]   ##   got authentication: username=b7 password=1 Address=127.0.0.1
[ DEBUG  ]   ##   received socket:Socket[addr=/127.0.0.1,port=60036,localport=12300]
[ DEBUG  ]   ##   got a connection
[ DEBUG  ]  17:05:15 10 massim.framework.connection.InetSocketListener.waitForIncomingSocket:28
[ DEBUG  ]  17:05:15 41 massim.framework.connection.AbstractSocketLoginManager.handleSocket:33
[ DEBUG  ]   ##   waiting for connection...
[ DEBUG  ]   ##   retrieving authentication from client 
[ DEBUG  ]   ##   <?xml version="1.0" encoding="UTF-8" standalone="no"?><message type="auth-request"><authentication password="1" username="b8"/></message>
[ NORMAL ]   ##   got authentication: username=b8 password=1 Address=127.0.0.1
[ DEBUG  ]   ##   received socket:Socket[addr=/127.0.0.1,port=60037,localport=12300]
[ DEBUG  ]   ##   got a connection
[ DEBUG  ]  17:05:15 44 massim.framework.connection.AbstractSocketLoginManager.handleSocket:33
[ DEBUG  ]  17:05:15 10 massim.framework.connection.InetSocketListener.waitForIncomingSocket:28
[ DEBUG  ]   ##   retrieving authentication from client 
[ DEBUG  ]   ##   waiting for connection...
[ DEBUG  ]   ##   <?xml version="1.0" encoding="UTF-8" standalone="no"?><message type="auth-request"><authentication password="1" username="b9"/></message>
[ NORMAL ]   ##   got authentication: username=b9 password=1 Address=127.0.0.1
[ DEBUG  ]   ##   received socket:Socket[addr=/127.0.0.1,port=60038,localport=12300]
[ DEBUG  ]   ##   got a connection
[ DEBUG  ]  17:05:15 10 massim.framework.connection.InetSocketListener.waitForIncomingSocket:28
[ DEBUG  ]  17:05:15 47 massim.framework.connection.AbstractSocketLoginManager.handleSocket:33
[ DEBUG  ]   ##   waiting for connection...
[ DEBUG  ]   ##   retrieving authentication from client 
[ DEBUG  ]   ##   <?xml version="1.0" encoding="UTF-8" standalone="no"?><message type="auth-request"><authentication password="1" username="b10"/></message>
[ NORMAL ]   ##   got authentication: username=b10 password=1 Address=127.0.0.1
[ DEBUG  ]   ##   received socket:Socket[addr=/127.0.0.1,port=60039,localport=12300]
[ DEBUG  ]   ##   got a connection
[ DEBUG  ]  17:05:15 10 massim.framework.connection.InetSocketListener.waitForIncomingSocket:28
[ DEBUG  ]  17:05:15 50 massim.framework.connection.AbstractSocketLoginManager.handleSocket:33
[ DEBUG  ]   ##   waiting for connection...
[ DEBUG  ]   ##   retrieving authentication from client 
[ DEBUG  ]   ##   <?xml version="1.0" encoding="UTF-8" standalone="no"?><message type="auth-request"><authentication password="1" username="b11"/></message>
[ NORMAL ]   ##   got authentication: username=b11 password=1 Address=127.0.0.1
[ DEBUG  ]   ##   received socket:Socket[addr=/127.0.0.1,port=60040,localport=12300]
[ DEBUG  ]   ##   got a connection
[ DEBUG  ]  17:05:15 10 massim.framework.connection.InetSocketListener.waitForIncomingSocket:28
[ DEBUG  ]  17:05:15 53 massim.framework.connection.AbstractSocketLoginManager.handleSocket:33
[ DEBUG  ]   ##   waiting for connection...
[ DEBUG  ]   ##   retrieving authentication from client 
[ DEBUG  ]   ##   <?xml version="1.0" encoding="UTF-8" standalone="no"?><message type="auth-request"><authentication password="1" username="b12"/></message>
[ NORMAL ]   ##   got authentication: username=b12 password=1 Address=127.0.0.1
[ DEBUG  ]   ##   received socket:Socket[addr=/127.0.0.1,port=60041,localport=12300]
[ DEBUG  ]   ##   got a connection
[ DEBUG  ]  17:05:15 56 massim.framework.connection.AbstractSocketLoginManager.handleSocket:33
[ DEBUG  ]  17:05:15 10 massim.framework.connection.InetSocketListener.waitForIncomingSocket:28
[ DEBUG  ]   ##   retrieving authentication from client 
[ DEBUG  ]   ##   waiting for connection...
[ DEBUG  ]   ##   <?xml version="1.0" encoding="UTF-8" standalone="no"?><message type="auth-request"><authentication password="1" username="b13"/></message>
[ NORMAL ]   ##   got authentication: username=b13 password=1 Address=127.0.0.1
[ DEBUG  ]   ##   received socket:Socket[addr=/127.0.0.1,port=60042,localport=12300]
[ DEBUG  ]   ##   got a connection
[ DEBUG  ]  17:05:15 10 massim.framework.connection.InetSocketListener.waitForIncomingSocket:28
[ DEBUG  ]  17:05:15 59 massim.framework.connection.AbstractSocketLoginManager.handleSocket:33
[ DEBUG  ]   ##   waiting for connection...
[ DEBUG  ]   ##   retrieving authentication from client 
[ DEBUG  ]   ##   <?xml version="1.0" encoding="UTF-8" standalone="no"?><message type="auth-request"><authentication password="1" username="b14"/></message>
[ NORMAL ]   ##   got authentication: username=b14 password=1 Address=127.0.0.1
[ DEBUG  ]   ##   received socket:Socket[addr=/127.0.0.1,port=60043,localport=12300]
[ DEBUG  ]   ##   got a connection
[ DEBUG  ]  17:05:15 10 massim.framework.connection.InetSocketListener.waitForIncomingSocket:28
[ DEBUG  ]   ##   waiting for connection...
[ DEBUG  ]  17:05:15 62 massim.framework.connection.AbstractSocketLoginManager.handleSocket:33
[ DEBUG  ]   ##   retrieving authentication from client 
[ DEBUG  ]   ##   <?xml version="1.0" encoding="UTF-8" standalone="no"?><message type="auth-request"><authentication password="1" username="b15"/></message>
[ NORMAL ]   ##   got authentication: username=b15 password=1 Address=127.0.0.1
[ DEBUG  ]   ##   received socket:Socket[addr=/127.0.0.1,port=60044,localport=12300]
[ DEBUG  ]   ##   got a connection
[ DEBUG  ]  17:05:15 10 massim.framework.connection.InetSocketListener.waitForIncomingSocket:28
[ DEBUG  ]  17:05:15 65 massim.framework.connection.AbstractSocketLoginManager.handleSocket:33
[ DEBUG  ]   ##   waiting for connection...
[ DEBUG  ]   ##   retrieving authentication from client 
[ DEBUG  ]   ##   <?xml version="1.0" encoding="UTF-8" standalone="no"?><message type="auth-request"><authentication password="1" username="b16"/></message>
[ NORMAL ]   ##   got authentication: username=b16 password=1 Address=127.0.0.1
[ DEBUG  ]   ##   received socket:Socket[addr=/127.0.0.1,port=60045,localport=12300]
[ DEBUG  ]   ##   got a connection
[ DEBUG  ]  17:05:19 10 massim.framework.connection.InetSocketListener.waitForIncomingSocket:28
[ DEBUG  ]  17:05:19 68 massim.framework.connection.AbstractSocketLoginManager.handleSocket:33
[ DEBUG  ]   ##   waiting for connection...
[ DEBUG  ]   ##   retrieving authentication from client 
[ DEBUG  ]   ##   <?xml version="1.0" encoding="UTF-8"?><message type="auth-request"><authentication password="1" username="a1"/></message>
[ NORMAL ]   ##   got authentication: username=a1 password=1 Address=127.0.0.1
[ DEBUG  ]   ##   received socket:Socket[addr=/127.0.0.1,port=60046,localport=12300]
[ DEBUG  ]   ##   got a connection
[ DEBUG  ]  17:05:19 10 massim.framework.connection.InetSocketListener.waitForIncomingSocket:28
[ DEBUG  ]  17:05:19 71 massim.framework.connection.AbstractSocketLoginManager.handleSocket:33
[ DEBUG  ]   ##   waiting for connection...
[ DEBUG  ]   ##   retrieving authentication from client 
[ DEBUG  ]   ##   <?xml version="1.0" encoding="UTF-8"?><message type="auth-request"><authentication password="1" username="a2"/></message>
[ NORMAL ]   ##   got authentication: username=a2 password=1 Address=127.0.0.1
[ DEBUG  ]   ##   received socket:Socket[addr=/127.0.0.1,port=60047,localport=12300]
[ DEBUG  ]   ##   got a connection
[ DEBUG  ]  17:05:19 74 massim.framework.connection.AbstractSocketLoginManager.handleSocket:33
[ DEBUG  ]  17:05:19 10 massim.framework.connection.InetSocketListener.waitForIncomingSocket:28
[ DEBUG  ]   ##   retrieving authentication from client 
[ DEBUG  ]   ##   waiting for connection...
[ DEBUG  ]   ##   <?xml version="1.0" encoding="UTF-8"?><message type="auth-request"><authentication password="1" username="a3"/></message>
[ NORMAL ]   ##   got authentication: username=a3 password=1 Address=127.0.0.1
[ DEBUG  ]   ##   received socket:Socket[addr=/127.0.0.1,port=60048,localport=12300]
[ DEBUG  ]   ##   got a connection
[ DEBUG  ]  17:05:19 10 massim.framework.connection.InetSocketListener.waitForIncomingSocket:28
[ DEBUG  ]  17:05:19 77 massim.framework.connection.AbstractSocketLoginManager.handleSocket:33
[ DEBUG  ]   ##   waiting for connection...
[ DEBUG  ]   ##   retrieving authentication from client 
[ DEBUG  ]   ##   <?xml version="1.0" encoding="UTF-8"?><message type="auth-request"><authentication password="1" username="a4"/></message>
[ NORMAL ]   ##   got authentication: username=a4 password=1 Address=127.0.0.1
[ DEBUG  ]   ##   received socket:Socket[addr=/127.0.0.1,port=60049,localport=12300]
[ DEBUG  ]   ##   got a connection
[ DEBUG  ]  17:05:19 10 massim.framework.connection.InetSocketListener.waitForIncomingSocket:28
[ DEBUG  ]  17:05:19 80 massim.framework.connection.AbstractSocketLoginManager.handleSocket:33
[ DEBUG  ]   ##   waiting for connection...
[ DEBUG  ]   ##   retrieving authentication from client 
[ DEBUG  ]   ##   <?xml version="1.0" encoding="UTF-8"?><message type="auth-request"><authentication password="1" username="a5"/></message>
[ NORMAL ]   ##   got authentication: username=a5 password=1 Address=127.0.0.1
[ DEBUG  ]   ##   received socket:Socket[addr=/127.0.0.1,port=60050,localport=12300]
[ DEBUG  ]   ##   got a connection
[ DEBUG  ]  17:05:19 10 massim.framework.connection.InetSocketListener.waitForIncomingSocket:28
[ DEBUG  ]  17:05:19 83 massim.framework.connection.AbstractSocketLoginManager.handleSocket:33
[ DEBUG  ]   ##   waiting for connection...
[ DEBUG  ]   ##   retrieving authentication from client 
[ DEBUG  ]   ##   <?xml version="1.0" encoding="UTF-8"?><message type="auth-request"><authentication password="1" username="a6"/></message>
[ NORMAL ]   ##   got authentication: username=a6 password=1 Address=127.0.0.1
[ DEBUG  ]   ##   received socket:Socket[addr=/127.0.0.1,port=60051,localport=12300]
[ DEBUG  ]   ##   got a connection
[ DEBUG  ]  17:05:19 10 massim.framework.connection.InetSocketListener.waitForIncomingSocket:28
[ DEBUG  ]  17:05:19 86 massim.framework.connection.AbstractSocketLoginManager.handleSocket:33
[ DEBUG  ]   ##   waiting for connection...
[ DEBUG  ]   ##   retrieving authentication from client 
[ DEBUG  ]   ##   <?xml version="1.0" encoding="UTF-8"?><message type="auth-request"><authentication password="1" username="a7"/></message>
[ NORMAL ]   ##   got authentication: username=a7 password=1 Address=127.0.0.1
[ DEBUG  ]   ##   received socket:Socket[addr=/127.0.0.1,port=60052,localport=12300]
[ DEBUG  ]   ##   got a connection
[ DEBUG  ]  17:05:19 89 massim.framework.connection.AbstractSocketLoginManager.handleSocket:33
[ DEBUG  ]  17:05:19 10 massim.framework.connection.InetSocketListener.waitForIncomingSocket:28
[ DEBUG  ]   ##   retrieving authentication from client 
[ DEBUG  ]   ##   waiting for connection...
[ DEBUG  ]   ##   <?xml version="1.0" encoding="UTF-8"?><message type="auth-request"><authentication password="1" username="a8"/></message>
[ NORMAL ]   ##   got authentication: username=a8 password=1 Address=127.0.0.1
[ DEBUG  ]   ##   received socket:Socket[addr=/127.0.0.1,port=60053,localport=12300]
[ DEBUG  ]   ##   got a connection
[ DEBUG  ]  17:05:19 10 massim.framework.connection.InetSocketListener.waitForIncomingSocket:28
[ DEBUG  ]   ##   waiting for connection...
[ DEBUG  ]  17:05:19 92 massim.framework.connection.AbstractSocketLoginManager.handleSocket:33
[ DEBUG  ]   ##   retrieving authentication from client 
[ DEBUG  ]   ##   <?xml version="1.0" encoding="UTF-8"?><message type="auth-request"><authentication password="1" username="a9"/></message>
[ NORMAL ]   ##   got authentication: username=a9 password=1 Address=127.0.0.1
[ DEBUG  ]   ##   received socket:Socket[addr=/127.0.0.1,port=60054,localport=12300]
[ DEBUG  ]   ##   got a connection
[ DEBUG  ]  17:05:19 10 massim.framework.connection.InetSocketListener.waitForIncomingSocket:28
[ DEBUG  ]  17:05:19 95 massim.framework.connection.AbstractSocketLoginManager.handleSocket:33
[ DEBUG  ]   ##   waiting for connection...
[ DEBUG  ]   ##   retrieving authentication from client 
[ DEBUG  ]   ##   <?xml version="1.0" encoding="UTF-8"?><message type="auth-request"><authentication password="1" username="a10"/></message>
[ NORMAL ]   ##   got authentication: username=a10 password=1 Address=127.0.0.1
[ DEBUG  ]   ##   received socket:Socket[addr=/127.0.0.1,port=60055,localport=12300]
[ DEBUG  ]   ##   got a connection
[ DEBUG  ]  17:05:19 10 massim.framework.connection.InetSocketListener.waitForIncomingSocket:28
[ DEBUG  ]  17:05:19 98 massim.framework.connection.AbstractSocketLoginManager.handleSocket:33
[ DEBUG  ]   ##   waiting for connection...
[ DEBUG  ]   ##   retrieving authentication from client 
[ DEBUG  ]   ##   <?xml version="1.0" encoding="UTF-8"?><message type="auth-request"><authentication password="1" username="a11"/></message>
[ NORMAL ]   ##   got authentication: username=a11 password=1 Address=127.0.0.1
[ DEBUG  ]   ##   received socket:Socket[addr=/127.0.0.1,port=60056,localport=12300]
[ DEBUG  ]   ##   got a connection
[ DEBUG  ]  17:05:19 10 massim.framework.connection.InetSocketListener.waitForIncomingSocket:28
[ DEBUG  ]  17:05:19 101 massim.framework.connection.AbstractSocketLoginManager.handleSocket:33
[ DEBUG  ]   ##   waiting for connection...
[ DEBUG  ]   ##   retrieving authentication from client 
[ DEBUG  ]   ##   <?xml version="1.0" encoding="UTF-8"?><message type="auth-request"><authentication password="1" username="a12"/></message>
[ NORMAL ]   ##   got authentication: username=a12 password=1 Address=127.0.0.1
[ DEBUG  ]   ##   received socket:Socket[addr=/127.0.0.1,port=60057,localport=12300]
[ DEBUG  ]   ##   got a connection
[ DEBUG  ]  17:05:19 10 massim.framework.connection.InetSocketListener.waitForIncomingSocket:28
[ DEBUG  ]  17:05:19 104 massim.framework.connection.AbstractSocketLoginManager.handleSocket:33
[ DEBUG  ]   ##   waiting for connection...
[ DEBUG  ]   ##   retrieving authentication from client 
[ DEBUG  ]   ##   <?xml version="1.0" encoding="UTF-8"?><message type="auth-request"><authentication password="1" username="a13"/></message>
[ NORMAL ]   ##   got authentication: username=a13 password=1 Address=127.0.0.1
[ DEBUG  ]   ##   received socket:Socket[addr=/127.0.0.1,port=60058,localport=12300]
[ DEBUG  ]   ##   got a connection
[ DEBUG  ]  17:05:19 10 massim.framework.connection.InetSocketListener.waitForIncomingSocket:28
[ DEBUG  ]  17:05:19 107 massim.framework.connection.AbstractSocketLoginManager.handleSocket:33
[ DEBUG  ]   ##   waiting for connection...
[ DEBUG  ]   ##   retrieving authentication from client 
[ DEBUG  ]   ##   <?xml version="1.0" encoding="UTF-8"?><message type="auth-request"><authentication password="1" username="a14"/></message>
[ NORMAL ]   ##   got authentication: username=a14 password=1 Address=127.0.0.1
[ DEBUG  ]   ##   received socket:Socket[addr=/127.0.0.1,port=60059,localport=12300]
[ DEBUG  ]   ##   got a connection
[ DEBUG  ]  17:05:19 10 massim.framework.connection.InetSocketListener.waitForIncomingSocket:28
[ DEBUG  ]  17:05:19 110 massim.framework.connection.AbstractSocketLoginManager.handleSocket:33
[ DEBUG  ]   ##   waiting for connection...
[ DEBUG  ]   ##   retrieving authentication from client 
[ DEBUG  ]   ##   <?xml version="1.0" encoding="UTF-8"?><message type="auth-request"><authentication password="1" username="a15"/></message>
[ NORMAL ]   ##   got authentication: username=a15 password=1 Address=127.0.0.1
[ DEBUG  ]   ##   received socket:Socket[addr=/127.0.0.1,port=60060,localport=12300]
[ DEBUG  ]   ##   got a connection
[ DEBUG  ]  17:05:19 10 massim.framework.connection.InetSocketListener.waitForIncomingSocket:28
[ DEBUG  ]  17:05:19 113 massim.framework.connection.AbstractSocketLoginManager.handleSocket:33
[ DEBUG  ]   ##   waiting for connection...
[ DEBUG  ]   ##   retrieving authentication from client 
[ DEBUG  ]   ##   <?xml version="1.0" encoding="UTF-8"?><message type="auth-request"><authentication password="1" username="a16"/></message>
[ NORMAL ]   ##   got authentication: username=a16 password=1 Address=127.0.0.1
[ DEBUG  ]   ##   received socket:Socket[addr=/127.0.0.1,port=60061,localport=12300]
[ NORMAL ]   ##   now playing: A vs B
[ NORMAL ]   ##   ######################### new simulation run ----
[ NORMAL ]   ##   Seed for map generation: 1450087553905
[ NORMAL ]   ##   Products will be generated.
[ NORMAL ]   ##   Facilities will be generated.
[ NORMAL ]   ##   Jobs will be generated.
[ NORMAL ]   ##   Agents will be positioned randomly.
[ DEBUG  ]  17:05:25 1 massim.framework.DefaultObserver.start:18
[ DEBUG  ]  17:05:25 1 massim.framework.DefaultObserver.start:18
[ DEBUG  ]  17:05:25 1 massim.framework.ObjectDumperObserver.start:68
[ DEBUG  ]   ##   creating...
[ DEBUG  ]   ##   binding...
[ DEBUG  ]   ##   bound
[ DEBUG  ]  17:05:25 1 massim.framework.DefaultObserver.notifySimulationConfiguration:30
[ DEBUG  ]  17:05:25 1 massim.framework.DefaultObserver.notifySimulationConfiguration:30
[ DEBUG  ]  17:05:25 1 massim.framework.ObjectDumperObserver.notifySimulationStart:50
[ DEBUG  ]  17:05:25 1 massim.framework.XMLOutputObserver.notifySimulationStart:41
[ NORMAL ]   ##   item2 Volume: 208
[ NORMAL ]   ##   item3 Volume: 68
[ NORMAL ]   ##   item4 Volume: 83
[ NORMAL ]   ##   item5 Volume: 172
[ NORMAL ]   ##   item9 Volume: 48
[ NORMAL ]   ##   Products generated.
[ NORMAL ]   ##   Facilities generated.
[ ERROR  ]   ##   CityMap: No route found: Not found
[ ERROR  ]   ##   CityMap: No route found: Not found
[ DEBUG  ]  17:05:26 1 massim.framework.ObjectDumperObserver.notifySimulationState:57
[ NORMAL ]   ##   Simulation at step: 1
[ DEBUG  ]  17:05:27 1 massim.framework.ObjectDumperObserver.notifySimulationState:57
[ ERROR  ]   ##   CityMap: No route found: Not found
[ NORMAL ]   ##   Simulation at step: 2
[ DEBUG  ]  17:05:27 1 massim.framework.ObjectDumperObserver.notifySimulationState:57
[ NORMAL ]   ##   Simulation at step: 3
[ DEBUG  ]  17:05:28 1 massim.framework.ObjectDumperObserver.notifySimulationState:57
[ NORMAL ]   ##   Simulation at step: 4
[ DEBUG  ]  17:05:29 1 massim.framework.ObjectDumperObserver.notifySimulationState:57
[ NORMAL ]   ##   Simulation at step: 5
[ DEBUG  ]  17:05:29 1 massim.framework.ObjectDumperObserver.notifySimulationState:57
[ NORMAL ]   ##   Simulation at step: 6
[ DEBUG  ]  17:05:30 1 massim.framework.ObjectDumperObserver.notifySimulationState:57
[ NORMAL ]   ##   Simulation at step: 7
[ DEBUG  ]  17:05:32 1 massim.framework.ObjectDumperObserver.notifySimulationState:57
[ ERROR  ]   ##   CityMap: No route found: Not found
[ NORMAL ]   ##   Simulation at step: 8
[ DEBUG  ]  17:05:33 1 massim.framework.ObjectDumperObserver.notifySimulationState:57
[ ERROR  ]   ##   CityMap: No route found: Not found
[ NORMAL ]   ##   Simulation at step: 9
[ DEBUG  ]  17:05:34 1 massim.framework.ObjectDumperObserver.notifySimulationState:57
[ ERROR  ]   ##   CityMap: No route found: Not found
[ NORMAL ]   ##   Simulation at step: 10
[ DEBUG  ]  17:05:34 1 massim.framework.ObjectDumperObserver.notifySimulationState:57
[ NORMAL ]   ##   Simulation at step: 11
[ DEBUG  ]  17:05:35 1 massim.framework.ObjectDumperObserver.notifySimulationState:57
[ ERROR  ]   ##   CityMap: No route found: Not found
[ NORMAL ]   ##   Simulation at step: 12
[ DEBUG  ]  17:05:35 1 massim.framework.ObjectDumperObserver.notifySimulationState:57
[ NORMAL ]   ##   Simulation at step: 13
[ DEBUG  ]  17:05:36 1 massim.framework.ObjectDumperObserver.notifySimulationState:57
[ ERROR  ]   ##   CityMap: No route found: Not found
[ NORMAL ]   ##   Simulation at step: 14
[ DEBUG  ]  17:05:37 1 massim.framework.ObjectDumperObserver.notifySimulationState:57
[ NORMAL ]   ##   Simulation at step: 15
[ DEBUG  ]  17:05:37 1 massim.framework.ObjectDumperObserver.notifySimulationState:57
[ NORMAL ]   ##   Simulation at step: 16
[ DEBUG  ]  17:05:38 1 massim.framework.ObjectDumperObserver.notifySimulationState:57
[ NORMAL ]   ##   Simulation at step: 17
[ DEBUG  ]  17:05:40 1 massim.framework.ObjectDumperObserver.notifySimulationState:57
[ ERROR  ]   ##   CityMap: No route found: Not found
[ NORMAL ]   ##   Simulation at step: 18
[ DEBUG  ]  17:05:41 1 massim.framework.ObjectDumperObserver.notifySimulationState:57
[ NORMAL ]   ##   Simulation at step: 19
[ DEBUG  ]  17:05:41 1 massim.framework.ObjectDumperObserver.notifySimulationState:57
[ NORMAL ]   ##   Simulation at step: 20
[ DEBUG  ]  17:05:42 1 massim.framework.ObjectDumperObserver.notifySimulationState:57
[ NORMAL ]   ##   Simulation at step: 21
[ DEBUG  ]  17:05:43 1 massim.framework.ObjectDumperObserver.notifySimulationState:57
[ ERROR  ]   ##   CityMap: No route found: Not found
[ NORMAL ]   ##   Simulation at step: 22
[ DEBUG  ]  17:05:43 1 massim.framework.ObjectDumperObserver.notifySimulationState:57
[ ERROR  ]   ##   CityMap: No route found: Not found
[ NORMAL ]   ##   Simulation at step: 23
[ DEBUG  ]  17:05:44 1 massim.framework.ObjectDumperObserver.notifySimulationState:57
[ NORMAL ]   ##   Simulation at step: 24
[ DEBUG  ]  17:05:44 1 massim.framework.ObjectDumperObserver.notifySimulationState:57
[ ERROR  ]   ##   CityMap: No route found: Not found
[ NORMAL ]   ##   Simulation at step: 25
[ DEBUG  ]  17:05:45 1 massim.framework.ObjectDumperObserver.notifySimulationState:57
[ NORMAL ]   ##   Simulation at step: 26
[ DEBUG  ]  17:05:46 1 massim.framework.ObjectDumperObserver.notifySimulationState:57
[ NORMAL ]   ##   Simulation at step: 27
[ DEBUG  ]  17:05:48 1 massim.framework.ObjectDumperObserver.notifySimulationState:57
[ ERROR  ]   ##   CityMap: No route found: Not found
[ NORMAL ]   ##   Simulation at step: 28
[ DEBUG  ]  17:05:49 1 massim.framework.ObjectDumperObserver.notifySimulationState:57
[ ERROR  ]   ##   CityMap: No route found: Not found
[ NORMAL ]   ##   Simulation at step: 29
[ DEBUG  ]  17:05:49 1 massim.framework.ObjectDumperObserver.notifySimulationState:57
[ NORMAL ]   ##   Simulation at step: 30
[ DEBUG  ]  17:05:50 1 massim.framework.ObjectDumperObserver.notifySimulationState:57
[ NORMAL ]   ##   Simulation at step: 31
[ DEBUG  ]  17:05:51 1 massim.framework.ObjectDumperObserver.notifySimulationState:57
[ NORMAL ]   ##   Simulation at step: 32
[ DEBUG  ]  17:05:51 1 massim.framework.ObjectDumperObserver.notifySimulationState:57
[ ERROR  ]   ##   CityMap: No route found: Not found
[ NORMAL ]   ##   Simulation at step: 33
[ DEBUG  ]  17:05:54 1 massim.framework.ObjectDumperObserver.notifySimulationState:57
[ NORMAL ]   ##   Simulation at step: 34
[ DEBUG  ]  17:05:55 1 massim.framework.ObjectDumperObserver.notifySimulationState:57
[ NORMAL ]   ##   Simulation at step: 35
[ DEBUG  ]  17:05:55 1 massim.framework.ObjectDumperObserver.notifySimulationState:57
[ NORMAL ]   ##   Simulation at step: 36
[ DEBUG  ]  17:05:56 1 massim.framework.ObjectDumperObserver.notifySimulationState:57
[ NORMAL ]   ##   Simulation at step: 37
[ DEBUG  ]  17:05:57 1 massim.framework.ObjectDumperObserver.notifySimulationState:57
[ NORMAL ]   ##   Simulation at step: 38
[ DEBUG  ]  17:05:57 1 massim.framework.ObjectDumperObserver.notifySimulationState:57
[ NORMAL ]   ##   Simulation at step: 39
[ DEBUG  ]  17:05:58 1 massim.framework.ObjectDumperObserver.notifySimulationState:57
[ NORMAL ]   ##   Simulation at step: 40
[ DEBUG  ]  17:05:58 1 massim.framework.ObjectDumperObserver.notifySimulationState:57
[ NORMAL ]   ##   Simulation at step: 41
[ DEBUG  ]  17:05:59 1 massim.framework.ObjectDumperObserver.notifySimulationState:57
[ NORMAL ]   ##   Simulation at step: 42
[ DEBUG  ]  17:06:00 1 massim.framework.ObjectDumperObserver.notifySimulationState:57
[ NORMAL ]   ##   Simulation at step: 43
[ DEBUG  ]  17:06:00 1 massim.framework.ObjectDumperObserver.notifySimulationState:57
[ NORMAL ]   ##   Simulation at step: 44
[ DEBUG  ]  17:06:01 1 massim.framework.ObjectDumperObserver.notifySimulationState:57
[ NORMAL ]   ##   Simulation at step: 45
[ DEBUG  ]  17:06:02 1 massim.framework.ObjectDumperObserver.notifySimulationState:57
[ ERROR  ]   ##   CityMap: No route found: Not found
[ NORMAL ]   ##   Simulation at step: 46
[ DEBUG  ]  17:06:02 1 massim.framework.ObjectDumperObserver.notifySimulationState:57
[ ERROR  ]   ##   CityMap: No route found: Not found
[ NORMAL ]   ##   Simulation at step: 47
[ DEBUG  ]  17:06:03 1 massim.framework.ObjectDumperObserver.notifySimulationState:57
[ ERROR  ]   ##   CityMap: No route found: Not found
[ NORMAL ]   ##   Simulation at step: 48
[ DEBUG  ]  17:06:03 1 massim.framework.ObjectDumperObserver.notifySimulationState:57
[ ERROR  ]   ##   CityMap: No route found: Not found
[ NORMAL ]   ##   Simulation at step: 49
[ DEBUG  ]  17:06:04 1 massim.framework.ObjectDumperObserver.notifySimulationState:57
[ NORMAL ]   ##   Simulation at step: 50
[ DEBUG  ]  17:06:05 1 massim.framework.ObjectDumperObserver.notifySimulationState:57
[ NORMAL ]   ##   No valid document received in time. Returning InvalidAction to a5
[ NORMAL ]   ##   No valid document received in time. Returning InvalidAction to a4
[ NORMAL ]   ##   No valid document received in time. Returning InvalidAction to a3
[ NORMAL ]   ##   No valid document received in time. Returning InvalidAction to a2
[ NORMAL ]   ##   No valid document received in time. Returning InvalidAction to a1
[ NORMAL ]   ##   No valid document received in time. Returning InvalidAction to a6
[ NORMAL ]   ##   No valid document received in time. Returning InvalidAction to a7
[ NORMAL ]   ##   No valid document received in time. Returning InvalidAction to a10
[ NORMAL ]   ##   No valid document received in time. Returning InvalidAction to a9
[ NORMAL ]   ##   No valid document received in time. Returning InvalidAction to a11
[ NORMAL ]   ##   No valid document received in time. Returning InvalidAction to a8
[ NORMAL ]   ##   No valid document received in time. Returning InvalidAction to a13
[ NORMAL ]   ##   No valid document received in time. Returning InvalidAction to a14
[ NORMAL ]   ##   No valid document received in time. Returning InvalidAction to a15
[ NORMAL ]   ##   No valid document received in time. Returning InvalidAction to a16
[ NORMAL ]   ##   No valid document received in time. Returning InvalidAction to a12
[ NORMAL ]   ##   Simulation at step: 51
[ DEBUG  ]  17:06:08 1 massim.framework.ObjectDumperObserver.notifySimulationState:57
[ NORMAL ]   ##   No valid document received in time. Returning InvalidAction to a15
[ NORMAL ]   ##   No valid document received in time. Returning InvalidAction to a6
[ NORMAL ]   ##   Simulation at step: 52
[ DEBUG  ]  17:06:12 1 massim.framework.ObjectDumperObserver.notifySimulationState:57
[ NORMAL ]   ##   Simulation at step: 53
[ DEBUG  ]  17:06:12 1 massim.framework.ObjectDumperObserver.notifySimulationState:57
[ ERROR  ]   ##   CityMap: No route found: Not found
[ NORMAL ]   ##   Simulation at step: 54
[ DEBUG  ]  17:06:13 1 massim.framework.ObjectDumperObserver.notifySimulationState:57
[ NORMAL ]   ##   Simulation at step: 55
[ DEBUG  ]  17:06:13 1 massim.framework.ObjectDumperObserver.notifySimulationState:57
[ NORMAL ]   ##   Simulation at step: 56
[ DEBUG  ]  17:06:14 1 massim.framework.ObjectDumperObserver.notifySimulationState:57
[ NORMAL ]   ##   Simulation at step: 57
[ DEBUG  ]  17:06:14 1 massim.framework.ObjectDumperObserver.notifySimulationState:57
[ ERROR  ]   ##   CityMap: No route found: Not found
[ NORMAL ]   ##   Simulation at step: 58
[ DEBUG  ]  17:06:15 1 massim.framework.ObjectDumperObserver.notifySimulationState:57
[ NORMAL ]   ##   Simulation at step: 59
[ DEBUG  ]  17:06:16 1 massim.framework.ObjectDumperObserver.notifySimulationState:57
[ NORMAL ]   ##   Simulation at step: 60
[ DEBUG  ]  17:06:16 1 massim.framework.ObjectDumperObserver.notifySimulationState:57
[ NORMAL ]   ##   Simulation at step: 61
[ DEBUG  ]  17:06:17 1 massim.framework.ObjectDumperObserver.notifySimulationState:57
[ NORMAL ]   ##   No valid document received in time. Returning InvalidAction to a5
[ NORMAL ]   ##   No valid document received in time. Returning InvalidAction to a4
[ NORMAL ]   ##   No valid document received in time. Returning InvalidAction to a1
[ NORMAL ]   ##   No valid document received in time. Returning InvalidAction to a3
[ NORMAL ]   ##   No valid document received in time. Returning InvalidAction to a6
[ NORMAL ]   ##   No valid document received in time. Returning InvalidAction to a8
[ NORMAL ]   ##   No valid document received in time. Returning InvalidAction to a7
[ NORMAL ]   ##   No valid document received in time. Returning InvalidAction to a2
[ NORMAL ]   ##   No valid document received in time. Returning InvalidAction to a9
[ NORMAL ]   ##   No valid document received in time. Returning InvalidAction to a11
[ NORMAL ]   ##   No valid document received in time. Returning InvalidAction to a10
[ NORMAL ]   ##   No valid document received in time. Returning InvalidAction to a13
[ NORMAL ]   ##   No valid document received in time. Returning InvalidAction to a12
[ NORMAL ]   ##   No valid document received in time. Returning InvalidAction to a14
[ NORMAL ]   ##   No valid document received in time. Returning InvalidAction to a15
[ NORMAL ]   ##   No valid document received in time. Returning InvalidAction to a16
[ NORMAL ]   ##   Simulation at step: 62
[ DEBUG  ]  17:06:21 1 massim.framework.ObjectDumperObserver.notifySimulationState:57
[ NORMAL ]   ##   No valid document received in time. Returning InvalidAction to a1
[ ERROR  ]   ##   CityMap: No route found: Not found
[ ERROR  ]   ##   CityMap: No route found: Not found
[ NORMAL ]   ##   Simulation at step: 63
[ DEBUG  ]  17:06:24 1 massim.framework.ObjectDumperObserver.notifySimulationState:57
[ NORMAL ]   ##   Simulation at step: 64
[ DEBUG  ]  17:06:25 1 massim.framework.ObjectDumperObserver.notifySimulationState:57
[ NORMAL ]   ##   Simulation at step: 65
[ DEBUG  ]  17:06:27 1 massim.framework.ObjectDumperObserver.notifySimulationState:57
[ ERROR  ]   ##   CityMap: No route found: Not found
[ NORMAL ]   ##   Simulation at step: 66
[ DEBUG  ]  17:06:30 1 massim.framework.ObjectDumperObserver.notifySimulationState:57
[ NORMAL ]   ##   Simulation at step: 67
[ DEBUG  ]  17:06:32 1 massim.framework.ObjectDumperObserver.notifySimulationState:57
[ NORMAL ]   ##   Simulation at step: 68
[ DEBUG  ]  17:06:34 1 massim.framework.ObjectDumperObserver.notifySimulationState:57
[ NORMAL ]   ##   Simulation at step: 69
[ DEBUG  ]  17:06:36 1 massim.framework.ObjectDumperObserver.notifySimulationState:57
[ NORMAL ]   ##   Simulation at step: 70
[ DEBUG  ]  17:06:39 1 massim.framework.ObjectDumperObserver.notifySimulationState:57
