[ DEBUG  ]   ##   Server configured.
[ NORMAL ]   ##   Connected to rmiregistry at localhost on port 1099
[ DEBUG  ]  08:45:12 10 massim.framework.connection.InetSocketListener.waitForIncomingSocket:28
[ DEBUG  ]   ##   waiting for connection...
[ DEBUG  ]   ##   RMI HOST: localhost
[ DEBUG  ]   ##   RMI PORT: 1099
[ NORMAL ]   ##   Please press ENTER to start the tournament.
[ DEBUG  ]   ##   got a connection
[ DEBUG  ]  08:45:16 10 massim.framework.connection.InetSocketListener.waitForIncomingSocket:28
[ DEBUG  ]  08:45:16 20 massim.framework.connection.AbstractSocketLoginManager.handleSocket:33
[ DEBUG  ]   ##   retrieving authentication from client 
[ DEBUG  ]   ##   waiting for connection...
[ DEBUG  ]   ##   <?xml version="1.0" encoding="UTF-8"?><message type="auth-request"><authentication password="1" username="a1"/></message>
[ NORMAL ]   ##   got authentication: username=a1 password=1 Address=127.0.0.1
[ DEBUG  ]   ##   received socket:Socket[addr=/127.0.0.1,port=48761,localport=12300]
[ DEBUG  ]   ##   got a connection
[ DEBUG  ]  08:45:16 23 massim.framework.connection.AbstractSocketLoginManager.handleSocket:33
[ DEBUG  ]  08:45:16 10 massim.framework.connection.InetSocketListener.waitForIncomingSocket:28
[ DEBUG  ]   ##   retrieving authentication from client 
[ DEBUG  ]   ##   waiting for connection...
[ DEBUG  ]   ##   <?xml version="1.0" encoding="UTF-8"?><message type="auth-request"><authentication password="1" username="a2"/></message>
[ NORMAL ]   ##   got authentication: username=a2 password=1 Address=127.0.0.1
[ DEBUG  ]   ##   received socket:Socket[addr=/127.0.0.1,port=48762,localport=12300]
[ DEBUG  ]   ##   got a connection
[ DEBUG  ]  08:45:16 26 massim.framework.connection.AbstractSocketLoginManager.handleSocket:33
[ DEBUG  ]  08:45:16 10 massim.framework.connection.InetSocketListener.waitForIncomingSocket:28
[ DEBUG  ]   ##   retrieving authentication from client 
[ DEBUG  ]   ##   waiting for connection...
[ DEBUG  ]   ##   <?xml version="1.0" encoding="UTF-8"?><message type="auth-request"><authentication password="1" username="a3"/></message>
[ NORMAL ]   ##   got authentication: username=a3 password=1 Address=127.0.0.1
[ DEBUG  ]   ##   received socket:Socket[addr=/127.0.0.1,port=48763,localport=12300]
[ DEBUG  ]   ##   got a connection
[ DEBUG  ]  08:45:16 29 massim.framework.connection.AbstractSocketLoginManager.handleSocket:33
[ DEBUG  ]  08:45:16 10 massim.framework.connection.InetSocketListener.waitForIncomingSocket:28
[ DEBUG  ]   ##   retrieving authentication from client 
[ DEBUG  ]   ##   waiting for connection...
[ DEBUG  ]   ##   <?xml version="1.0" encoding="UTF-8"?><message type="auth-request"><authentication password="1" username="a4"/></message>
[ NORMAL ]   ##   got authentication: username=a4 password=1 Address=127.0.0.1
[ DEBUG  ]   ##   received socket:Socket[addr=/127.0.0.1,port=48764,localport=12300]
[ DEBUG  ]   ##   got a connection
[ DEBUG  ]  08:45:16 32 massim.framework.connection.AbstractSocketLoginManager.handleSocket:33
[ DEBUG  ]  08:45:16 10 massim.framework.connection.InetSocketListener.waitForIncomingSocket:28
[ DEBUG  ]   ##   retrieving authentication from client 
[ DEBUG  ]   ##   waiting for connection...
[ DEBUG  ]   ##   <?xml version="1.0" encoding="UTF-8"?><message type="auth-request"><authentication password="1" username="a5"/></message>
[ NORMAL ]   ##   got authentication: username=a5 password=1 Address=127.0.0.1
[ DEBUG  ]   ##   received socket:Socket[addr=/127.0.0.1,port=48765,localport=12300]
[ DEBUG  ]   ##   got a connection
[ DEBUG  ]  08:45:16 35 massim.framework.connection.AbstractSocketLoginManager.handleSocket:33
[ DEBUG  ]  08:45:16 10 massim.framework.connection.InetSocketListener.waitForIncomingSocket:28
[ DEBUG  ]   ##   retrieving authentication from client 
[ DEBUG  ]   ##   waiting for connection...
[ DEBUG  ]   ##   <?xml version="1.0" encoding="UTF-8"?><message type="auth-request"><authentication password="1" username="a6"/></message>
[ NORMAL ]   ##   got authentication: username=a6 password=1 Address=127.0.0.1
[ DEBUG  ]   ##   received socket:Socket[addr=/127.0.0.1,port=48766,localport=12300]
[ DEBUG  ]   ##   got a connection
[ DEBUG  ]  08:45:16 10 massim.framework.connection.InetSocketListener.waitForIncomingSocket:28
[ DEBUG  ]  08:45:16 38 massim.framework.connection.AbstractSocketLoginManager.handleSocket:33
[ DEBUG  ]   ##   waiting for connection...
[ DEBUG  ]   ##   retrieving authentication from client 
[ DEBUG  ]   ##   <?xml version="1.0" encoding="UTF-8"?><message type="auth-request"><authentication password="1" username="a7"/></message>
[ NORMAL ]   ##   got authentication: username=a7 password=1 Address=127.0.0.1
[ DEBUG  ]   ##   received socket:Socket[addr=/127.0.0.1,port=48767,localport=12300]
[ DEBUG  ]   ##   got a connection
[ DEBUG  ]  08:45:16 10 massim.framework.connection.InetSocketListener.waitForIncomingSocket:28
[ DEBUG  ]  08:45:16 41 massim.framework.connection.AbstractSocketLoginManager.handleSocket:33
[ DEBUG  ]   ##   waiting for connection...
[ DEBUG  ]   ##   retrieving authentication from client 
[ DEBUG  ]   ##   <?xml version="1.0" encoding="UTF-8"?><message type="auth-request"><authentication password="1" username="a8"/></message>
[ NORMAL ]   ##   got authentication: username=a8 password=1 Address=127.0.0.1
[ DEBUG  ]   ##   received socket:Socket[addr=/127.0.0.1,port=48768,localport=12300]
[ DEBUG  ]   ##   got a connection
[ DEBUG  ]  08:45:16 10 massim.framework.connection.InetSocketListener.waitForIncomingSocket:28
[ DEBUG  ]   ##   waiting for connection...
[ DEBUG  ]  08:45:16 44 massim.framework.connection.AbstractSocketLoginManager.handleSocket:33
[ DEBUG  ]   ##   retrieving authentication from client 
[ DEBUG  ]   ##   <?xml version="1.0" encoding="UTF-8"?><message type="auth-request"><authentication password="1" username="a9"/></message>
[ NORMAL ]   ##   got authentication: username=a9 password=1 Address=127.0.0.1
[ DEBUG  ]   ##   received socket:Socket[addr=/127.0.0.1,port=48769,localport=12300]
[ DEBUG  ]   ##   got a connection
[ DEBUG  ]  08:45:16 47 massim.framework.connection.AbstractSocketLoginManager.handleSocket:33
[ DEBUG  ]  08:45:16 10 massim.framework.connection.InetSocketListener.waitForIncomingSocket:28
[ DEBUG  ]   ##   retrieving authentication from client 
[ DEBUG  ]   ##   waiting for connection...
[ DEBUG  ]   ##   <?xml version="1.0" encoding="UTF-8"?><message type="auth-request"><authentication password="1" username="a10"/></message>
[ NORMAL ]   ##   got authentication: username=a10 password=1 Address=127.0.0.1
[ DEBUG  ]   ##   received socket:Socket[addr=/127.0.0.1,port=48770,localport=12300]
[ DEBUG  ]   ##   got a connection
[ DEBUG  ]  08:45:16 50 massim.framework.connection.AbstractSocketLoginManager.handleSocket:33
[ DEBUG  ]  08:45:16 10 massim.framework.connection.InetSocketListener.waitForIncomingSocket:28
[ DEBUG  ]   ##   retrieving authentication from client 
[ DEBUG  ]   ##   waiting for connection...
[ DEBUG  ]   ##   <?xml version="1.0" encoding="UTF-8"?><message type="auth-request"><authentication password="1" username="a11"/></message>
[ NORMAL ]   ##   got authentication: username=a11 password=1 Address=127.0.0.1
[ DEBUG  ]   ##   received socket:Socket[addr=/127.0.0.1,port=48771,localport=12300]
[ DEBUG  ]   ##   got a connection
[ DEBUG  ]  08:45:16 10 massim.framework.connection.InetSocketListener.waitForIncomingSocket:28
[ DEBUG  ]  08:45:16 53 massim.framework.connection.AbstractSocketLoginManager.handleSocket:33
[ DEBUG  ]   ##   waiting for connection...
[ DEBUG  ]   ##   retrieving authentication from client 
[ DEBUG  ]   ##   <?xml version="1.0" encoding="UTF-8"?><message type="auth-request"><authentication password="1" username="a12"/></message>
[ NORMAL ]   ##   got authentication: username=a12 password=1 Address=127.0.0.1
[ DEBUG  ]   ##   received socket:Socket[addr=/127.0.0.1,port=48772,localport=12300]
[ DEBUG  ]   ##   got a connection
[ DEBUG  ]  08:45:16 56 massim.framework.connection.AbstractSocketLoginManager.handleSocket:33
[ DEBUG  ]  08:45:16 10 massim.framework.connection.InetSocketListener.waitForIncomingSocket:28
[ DEBUG  ]   ##   retrieving authentication from client 
[ DEBUG  ]   ##   waiting for connection...
[ DEBUG  ]   ##   <?xml version="1.0" encoding="UTF-8"?><message type="auth-request"><authentication password="1" username="a13"/></message>
[ NORMAL ]   ##   got authentication: username=a13 password=1 Address=127.0.0.1
[ DEBUG  ]   ##   received socket:Socket[addr=/127.0.0.1,port=48773,localport=12300]
[ DEBUG  ]   ##   got a connection
[ DEBUG  ]  08:45:16 10 massim.framework.connection.InetSocketListener.waitForIncomingSocket:28
[ DEBUG  ]  08:45:16 59 massim.framework.connection.AbstractSocketLoginManager.handleSocket:33
[ DEBUG  ]   ##   waiting for connection...
[ DEBUG  ]   ##   retrieving authentication from client 
[ DEBUG  ]   ##   <?xml version="1.0" encoding="UTF-8"?><message type="auth-request"><authentication password="1" username="a14"/></message>
[ NORMAL ]   ##   got authentication: username=a14 password=1 Address=127.0.0.1
[ DEBUG  ]   ##   received socket:Socket[addr=/127.0.0.1,port=48774,localport=12300]
[ DEBUG  ]   ##   got a connection
[ DEBUG  ]  08:45:16 10 massim.framework.connection.InetSocketListener.waitForIncomingSocket:28
[ DEBUG  ]  08:45:16 62 massim.framework.connection.AbstractSocketLoginManager.handleSocket:33
[ DEBUG  ]   ##   waiting for connection...
[ DEBUG  ]   ##   retrieving authentication from client 
[ DEBUG  ]   ##   <?xml version="1.0" encoding="UTF-8"?><message type="auth-request"><authentication password="1" username="a15"/></message>
[ NORMAL ]   ##   got authentication: username=a15 password=1 Address=127.0.0.1
[ DEBUG  ]   ##   received socket:Socket[addr=/127.0.0.1,port=48775,localport=12300]
[ DEBUG  ]   ##   got a connection
[ DEBUG  ]  08:45:16 10 massim.framework.connection.InetSocketListener.waitForIncomingSocket:28
[ DEBUG  ]  08:45:16 65 massim.framework.connection.AbstractSocketLoginManager.handleSocket:33
[ DEBUG  ]   ##   waiting for connection...
[ DEBUG  ]   ##   retrieving authentication from client 
[ DEBUG  ]   ##   <?xml version="1.0" encoding="UTF-8"?><message type="auth-request"><authentication password="1" username="a16"/></message>
[ NORMAL ]   ##   got authentication: username=a16 password=1 Address=127.0.0.1
[ DEBUG  ]   ##   received socket:Socket[addr=/127.0.0.1,port=48776,localport=12300]
[ DEBUG  ]   ##   got a connection
[ DEBUG  ]  08:45:16 10 massim.framework.connection.InetSocketListener.waitForIncomingSocket:28
[ DEBUG  ]  08:45:16 68 massim.framework.connection.AbstractSocketLoginManager.handleSocket:33
[ DEBUG  ]   ##   waiting for connection...
[ DEBUG  ]   ##   retrieving authentication from client 
[ DEBUG  ]   ##   <?xml version="1.0" encoding="UTF-8"?><message type="auth-request"><authentication password="1" username="b1"/></message>
[ NORMAL ]   ##   got authentication: username=b1 password=1 Address=127.0.0.1
[ DEBUG  ]   ##   received socket:Socket[addr=/127.0.0.1,port=48777,localport=12300]
[ DEBUG  ]   ##   got a connection
[ DEBUG  ]  08:45:16 10 massim.framework.connection.InetSocketListener.waitForIncomingSocket:28
[ DEBUG  ]   ##   waiting for connection...
[ DEBUG  ]  08:45:16 71 massim.framework.connection.AbstractSocketLoginManager.handleSocket:33
[ DEBUG  ]   ##   retrieving authentication from client 
[ DEBUG  ]   ##   <?xml version="1.0" encoding="UTF-8"?><message type="auth-request"><authentication password="1" username="b2"/></message>
[ NORMAL ]   ##   got authentication: username=b2 password=1 Address=127.0.0.1
[ DEBUG  ]   ##   received socket:Socket[addr=/127.0.0.1,port=48778,localport=12300]
[ DEBUG  ]   ##   got a connection
[ DEBUG  ]  08:45:16 10 massim.framework.connection.InetSocketListener.waitForIncomingSocket:28
[ DEBUG  ]  08:45:16 74 massim.framework.connection.AbstractSocketLoginManager.handleSocket:33
[ DEBUG  ]   ##   waiting for connection...
[ DEBUG  ]   ##   retrieving authentication from client 
[ DEBUG  ]   ##   <?xml version="1.0" encoding="UTF-8"?><message type="auth-request"><authentication password="1" username="b3"/></message>
[ NORMAL ]   ##   got authentication: username=b3 password=1 Address=127.0.0.1
[ DEBUG  ]   ##   received socket:Socket[addr=/127.0.0.1,port=48779,localport=12300]
[ DEBUG  ]   ##   got a connection
[ DEBUG  ]  08:45:16 10 massim.framework.connection.InetSocketListener.waitForIncomingSocket:28
[ DEBUG  ]  08:45:16 77 massim.framework.connection.AbstractSocketLoginManager.handleSocket:33
[ DEBUG  ]   ##   waiting for connection...
[ DEBUG  ]   ##   retrieving authentication from client 
[ DEBUG  ]   ##   <?xml version="1.0" encoding="UTF-8"?><message type="auth-request"><authentication password="1" username="b4"/></message>
[ NORMAL ]   ##   got authentication: username=b4 password=1 Address=127.0.0.1
[ DEBUG  ]   ##   received socket:Socket[addr=/127.0.0.1,port=48780,localport=12300]
[ DEBUG  ]   ##   got a connection
[ DEBUG  ]  08:45:16 10 massim.framework.connection.InetSocketListener.waitForIncomingSocket:28
[ DEBUG  ]  08:45:16 80 massim.framework.connection.AbstractSocketLoginManager.handleSocket:33
[ DEBUG  ]   ##   waiting for connection...
[ DEBUG  ]   ##   retrieving authentication from client 
[ DEBUG  ]   ##   <?xml version="1.0" encoding="UTF-8"?><message type="auth-request"><authentication password="1" username="b5"/></message>
[ NORMAL ]   ##   got authentication: username=b5 password=1 Address=127.0.0.1
[ DEBUG  ]   ##   received socket:Socket[addr=/127.0.0.1,port=48781,localport=12300]
[ DEBUG  ]   ##   got a connection
[ DEBUG  ]  08:45:16 10 massim.framework.connection.InetSocketListener.waitForIncomingSocket:28
[ DEBUG  ]  08:45:16 83 massim.framework.connection.AbstractSocketLoginManager.handleSocket:33
[ DEBUG  ]   ##   waiting for connection...
[ DEBUG  ]   ##   retrieving authentication from client 
[ DEBUG  ]   ##   <?xml version="1.0" encoding="UTF-8"?><message type="auth-request"><authentication password="1" username="b6"/></message>
[ NORMAL ]   ##   got authentication: username=b6 password=1 Address=127.0.0.1
[ DEBUG  ]   ##   received socket:Socket[addr=/127.0.0.1,port=48782,localport=12300]
[ DEBUG  ]   ##   got a connection
[ DEBUG  ]  08:45:16 86 massim.framework.connection.AbstractSocketLoginManager.handleSocket:33
[ DEBUG  ]  08:45:16 10 massim.framework.connection.InetSocketListener.waitForIncomingSocket:28
[ DEBUG  ]   ##   retrieving authentication from client 
[ DEBUG  ]   ##   waiting for connection...
[ DEBUG  ]   ##   <?xml version="1.0" encoding="UTF-8"?><message type="auth-request"><authentication password="1" username="b7"/></message>
[ NORMAL ]   ##   got authentication: username=b7 password=1 Address=127.0.0.1
[ DEBUG  ]   ##   received socket:Socket[addr=/127.0.0.1,port=48783,localport=12300]
[ DEBUG  ]   ##   got a connection
[ DEBUG  ]  08:45:16 10 massim.framework.connection.InetSocketListener.waitForIncomingSocket:28
[ DEBUG  ]  08:45:16 89 massim.framework.connection.AbstractSocketLoginManager.handleSocket:33
[ DEBUG  ]   ##   retrieving authentication from client 
[ DEBUG  ]   ##   waiting for connection...
[ DEBUG  ]   ##   <?xml version="1.0" encoding="UTF-8"?><message type="auth-request"><authentication password="1" username="b8"/></message>
[ NORMAL ]   ##   got authentication: username=b8 password=1 Address=127.0.0.1
[ DEBUG  ]   ##   received socket:Socket[addr=/127.0.0.1,port=48784,localport=12300]
[ DEBUG  ]   ##   got a connection
[ DEBUG  ]  08:45:16 10 massim.framework.connection.InetSocketListener.waitForIncomingSocket:28
[ DEBUG  ]  08:45:16 92 massim.framework.connection.AbstractSocketLoginManager.handleSocket:33
[ DEBUG  ]   ##   waiting for connection...
[ DEBUG  ]   ##   retrieving authentication from client 
[ DEBUG  ]   ##   <?xml version="1.0" encoding="UTF-8"?><message type="auth-request"><authentication password="1" username="b9"/></message>
[ NORMAL ]   ##   got authentication: username=b9 password=1 Address=127.0.0.1
[ DEBUG  ]   ##   received socket:Socket[addr=/127.0.0.1,port=48785,localport=12300]
[ DEBUG  ]   ##   got a connection
[ DEBUG  ]  08:45:16 95 massim.framework.connection.AbstractSocketLoginManager.handleSocket:33
[ DEBUG  ]  08:45:16 10 massim.framework.connection.InetSocketListener.waitForIncomingSocket:28
[ DEBUG  ]   ##   retrieving authentication from client 
[ DEBUG  ]   ##   waiting for connection...
[ DEBUG  ]   ##   <?xml version="1.0" encoding="UTF-8"?><message type="auth-request"><authentication password="1" username="b10"/></message>
[ NORMAL ]   ##   got authentication: username=b10 password=1 Address=127.0.0.1
[ DEBUG  ]   ##   received socket:Socket[addr=/127.0.0.1,port=48786,localport=12300]
[ DEBUG  ]   ##   got a connection
[ DEBUG  ]  08:45:16 10 massim.framework.connection.InetSocketListener.waitForIncomingSocket:28
[ DEBUG  ]  08:45:16 98 massim.framework.connection.AbstractSocketLoginManager.handleSocket:33
[ DEBUG  ]   ##   retrieving authentication from client 
[ DEBUG  ]   ##   waiting for connection...
[ DEBUG  ]   ##   <?xml version="1.0" encoding="UTF-8"?><message type="auth-request"><authentication password="1" username="b11"/></message>
[ NORMAL ]   ##   got authentication: username=b11 password=1 Address=127.0.0.1
[ DEBUG  ]   ##   received socket:Socket[addr=/127.0.0.1,port=48787,localport=12300]
[ DEBUG  ]   ##   got a connection
[ DEBUG  ]  08:45:16 101 massim.framework.connection.AbstractSocketLoginManager.handleSocket:33
[ DEBUG  ]  08:45:16 10 massim.framework.connection.InetSocketListener.waitForIncomingSocket:28
[ DEBUG  ]   ##   retrieving authentication from client 
[ DEBUG  ]   ##   waiting for connection...
[ DEBUG  ]   ##   <?xml version="1.0" encoding="UTF-8"?><message type="auth-request"><authentication password="1" username="b12"/></message>
[ NORMAL ]   ##   got authentication: username=b12 password=1 Address=127.0.0.1
[ DEBUG  ]   ##   received socket:Socket[addr=/127.0.0.1,port=48788,localport=12300]
[ DEBUG  ]   ##   got a connection
[ DEBUG  ]  08:45:16 10 massim.framework.connection.InetSocketListener.waitForIncomingSocket:28
[ DEBUG  ]  08:45:16 104 massim.framework.connection.AbstractSocketLoginManager.handleSocket:33
[ DEBUG  ]   ##   retrieving authentication from client 
[ DEBUG  ]   ##   waiting for connection...
[ DEBUG  ]   ##   <?xml version="1.0" encoding="UTF-8"?><message type="auth-request"><authentication password="1" username="b13"/></message>
[ NORMAL ]   ##   got authentication: username=b13 password=1 Address=127.0.0.1
[ DEBUG  ]   ##   received socket:Socket[addr=/127.0.0.1,port=48789,localport=12300]
[ DEBUG  ]   ##   got a connection
[ DEBUG  ]  08:45:16 10 massim.framework.connection.InetSocketListener.waitForIncomingSocket:28
[ DEBUG  ]  08:45:16 107 massim.framework.connection.AbstractSocketLoginManager.handleSocket:33
[ DEBUG  ]   ##   retrieving authentication from client 
[ DEBUG  ]   ##   waiting for connection...
[ DEBUG  ]   ##   <?xml version="1.0" encoding="UTF-8"?><message type="auth-request"><authentication password="1" username="b14"/></message>
[ NORMAL ]   ##   got authentication: username=b14 password=1 Address=127.0.0.1
[ DEBUG  ]   ##   received socket:Socket[addr=/127.0.0.1,port=48790,localport=12300]
[ DEBUG  ]   ##   got a connection
[ DEBUG  ]  08:45:16 10 massim.framework.connection.InetSocketListener.waitForIncomingSocket:28
[ DEBUG  ]  08:45:16 110 massim.framework.connection.AbstractSocketLoginManager.handleSocket:33
[ DEBUG  ]   ##   waiting for connection...
[ DEBUG  ]   ##   retrieving authentication from client 
[ DEBUG  ]   ##   <?xml version="1.0" encoding="UTF-8"?><message type="auth-request"><authentication password="1" username="b15"/></message>
[ NORMAL ]   ##   got authentication: username=b15 password=1 Address=127.0.0.1
[ DEBUG  ]   ##   received socket:Socket[addr=/127.0.0.1,port=48791,localport=12300]
[ DEBUG  ]   ##   got a connection
[ DEBUG  ]  08:45:16 10 massim.framework.connection.InetSocketListener.waitForIncomingSocket:28
[ DEBUG  ]   ##   waiting for connection...
[ DEBUG  ]  08:45:16 113 massim.framework.connection.AbstractSocketLoginManager.handleSocket:33
[ DEBUG  ]   ##   retrieving authentication from client 
[ DEBUG  ]   ##   <?xml version="1.0" encoding="UTF-8"?><message type="auth-request"><authentication password="1" username="b16"/></message>
[ NORMAL ]   ##   got authentication: username=b16 password=1 Address=127.0.0.1
[ DEBUG  ]   ##   received socket:Socket[addr=/127.0.0.1,port=48792,localport=12300]
[ NORMAL ]   ##   now playing: A vs B
[ NORMAL ]   ##   ######################### new simulation run ----
[ NORMAL ]   ##   Seed for map generation: 1450087553905
[ NORMAL ]   ##   Products will be generated.
[ NORMAL ]   ##   Facilities will be generated.
[ NORMAL ]   ##   Jobs will be generated.
[ NORMAL ]   ##   Agents will be positioned randomly.
[ DEBUG  ]  08:45:19 1 massim.framework.DefaultObserver.start:18
[ DEBUG  ]  08:45:19 1 massim.framework.DefaultObserver.start:18
[ DEBUG  ]  08:45:19 1 massim.framework.ObjectDumperObserver.start:68
[ DEBUG  ]   ##   creating...
[ DEBUG  ]   ##   binding...
[ DEBUG  ]   ##   bound
[ DEBUG  ]  08:45:19 1 massim.framework.DefaultObserver.notifySimulationConfiguration:30
[ DEBUG  ]  08:45:19 1 massim.framework.DefaultObserver.notifySimulationConfiguration:30
[ DEBUG  ]  08:45:19 1 massim.framework.ObjectDumperObserver.notifySimulationStart:50
[ DEBUG  ]  08:45:19 1 massim.framework.XMLOutputObserver.notifySimulationStart:41
[ NORMAL ]   ##   item2 Volume: 208
[ NORMAL ]   ##   item3 Volume: 68
[ NORMAL ]   ##   item4 Volume: 83
[ NORMAL ]   ##   item5 Volume: 172
[ NORMAL ]   ##   item9 Volume: 48
[ NORMAL ]   ##   Products generated.
[ NORMAL ]   ##   Facilities generated.
[ ERROR  ]   ##   CityMap: No route found: Not found
[ ERROR  ]   ##   CityMap: No route found: Not found
[ DEBUG  ]  08:45:20 1 massim.framework.ObjectDumperObserver.notifySimulationState:57
[ NORMAL ]   ##   Simulation at step: 1
[ DEBUG  ]  08:45:20 1 massim.framework.ObjectDumperObserver.notifySimulationState:57
[ NORMAL ]   ##   Simulation at step: 2
[ DEBUG  ]  08:45:21 1 massim.framework.ObjectDumperObserver.notifySimulationState:57
[ NORMAL ]   ##   Simulation at step: 3
[ DEBUG  ]  08:45:21 1 massim.framework.ObjectDumperObserver.notifySimulationState:57
[ NORMAL ]   ##   Simulation at step: 4
[ DEBUG  ]  08:45:21 1 massim.framework.ObjectDumperObserver.notifySimulationState:57
[ NORMAL ]   ##   Simulation at step: 5
[ DEBUG  ]  08:45:22 1 massim.framework.ObjectDumperObserver.notifySimulationState:57
[ NORMAL ]   ##   Simulation at step: 6
[ DEBUG  ]  08:45:22 1 massim.framework.ObjectDumperObserver.notifySimulationState:57
[ NORMAL ]   ##   Simulation at step: 7
[ DEBUG  ]  08:45:22 1 massim.framework.ObjectDumperObserver.notifySimulationState:57
[ NORMAL ]   ##   Simulation at step: 8
[ DEBUG  ]  08:45:22 1 massim.framework.ObjectDumperObserver.notifySimulationState:57
[ NORMAL ]   ##   Simulation at step: 9
[ DEBUG  ]  08:45:22 1 massim.framework.ObjectDumperObserver.notifySimulationState:57
[ NORMAL ]   ##   Simulation at step: 10
[ DEBUG  ]  08:45:23 1 massim.framework.ObjectDumperObserver.notifySimulationState:57
[ NORMAL ]   ##   Simulation at step: 11
[ DEBUG  ]  08:45:23 1 massim.framework.ObjectDumperObserver.notifySimulationState:57
[ NORMAL ]   ##   Simulation at step: 12
[ DEBUG  ]  08:45:23 1 massim.framework.ObjectDumperObserver.notifySimulationState:57
[ NORMAL ]   ##   Simulation at step: 13
[ DEBUG  ]  08:45:24 1 massim.framework.ObjectDumperObserver.notifySimulationState:57
[ NORMAL ]   ##   Simulation at step: 14
[ DEBUG  ]  08:45:24 1 massim.framework.ObjectDumperObserver.notifySimulationState:57
[ NORMAL ]   ##   Simulation at step: 15
[ DEBUG  ]  08:45:24 1 massim.framework.ObjectDumperObserver.notifySimulationState:57
[ NORMAL ]   ##   Simulation at step: 16
[ DEBUG  ]  08:45:24 1 massim.framework.ObjectDumperObserver.notifySimulationState:57
[ NORMAL ]   ##   Simulation at step: 17
[ DEBUG  ]  08:45:24 1 massim.framework.ObjectDumperObserver.notifySimulationState:57
[ NORMAL ]   ##   Simulation at step: 18
[ DEBUG  ]  08:45:25 1 massim.framework.ObjectDumperObserver.notifySimulationState:57
[ NORMAL ]   ##   Simulation at step: 19
[ DEBUG  ]  08:45:25 1 massim.framework.ObjectDumperObserver.notifySimulationState:57
[ NORMAL ]   ##   Simulation at step: 20
[ DEBUG  ]  08:45:25 1 massim.framework.ObjectDumperObserver.notifySimulationState:57
[ NORMAL ]   ##   Simulation at step: 21
[ DEBUG  ]  08:45:25 1 massim.framework.ObjectDumperObserver.notifySimulationState:57
[ NORMAL ]   ##   Simulation at step: 22
[ DEBUG  ]  08:45:25 1 massim.framework.ObjectDumperObserver.notifySimulationState:57
[ NORMAL ]   ##   Simulation at step: 23
[ DEBUG  ]  08:45:26 1 massim.framework.ObjectDumperObserver.notifySimulationState:57
[ NORMAL ]   ##   Simulation at step: 24
[ DEBUG  ]  08:45:26 1 massim.framework.ObjectDumperObserver.notifySimulationState:57
[ NORMAL ]   ##   Simulation at step: 25
[ DEBUG  ]  08:45:26 1 massim.framework.ObjectDumperObserver.notifySimulationState:57
[ NORMAL ]   ##   Simulation at step: 26
[ DEBUG  ]  08:45:26 1 massim.framework.ObjectDumperObserver.notifySimulationState:57
[ NORMAL ]   ##   Simulation at step: 27
[ DEBUG  ]  08:45:27 1 massim.framework.ObjectDumperObserver.notifySimulationState:57
[ NORMAL ]   ##   Simulation at step: 28
[ DEBUG  ]  08:45:27 1 massim.framework.ObjectDumperObserver.notifySimulationState:57
[ NORMAL ]   ##   Simulation at step: 29
[ DEBUG  ]  08:45:27 1 massim.framework.ObjectDumperObserver.notifySimulationState:57
[ NORMAL ]   ##   Simulation at step: 30
[ DEBUG  ]  08:45:27 1 massim.framework.ObjectDumperObserver.notifySimulationState:57
[ NORMAL ]   ##   Simulation at step: 31
[ DEBUG  ]  08:45:27 1 massim.framework.ObjectDumperObserver.notifySimulationState:57
[ NORMAL ]   ##   Simulation at step: 32
[ DEBUG  ]  08:45:28 1 massim.framework.ObjectDumperObserver.notifySimulationState:57
[ NORMAL ]   ##   Simulation at step: 33
[ DEBUG  ]  08:45:28 1 massim.framework.ObjectDumperObserver.notifySimulationState:57
[ NORMAL ]   ##   Simulation at step: 34
[ DEBUG  ]  08:45:28 1 massim.framework.ObjectDumperObserver.notifySimulationState:57
[ NORMAL ]   ##   Simulation at step: 35
[ DEBUG  ]  08:45:28 1 massim.framework.ObjectDumperObserver.notifySimulationState:57
[ NORMAL ]   ##   Simulation at step: 36
[ DEBUG  ]  08:45:28 1 massim.framework.ObjectDumperObserver.notifySimulationState:57
[ NORMAL ]   ##   Simulation at step: 37
[ DEBUG  ]  08:45:28 1 massim.framework.ObjectDumperObserver.notifySimulationState:57
[ NORMAL ]   ##   Simulation at step: 38
[ DEBUG  ]  08:45:29 1 massim.framework.ObjectDumperObserver.notifySimulationState:57
[ NORMAL ]   ##   Simulation at step: 39
[ DEBUG  ]  08:45:29 1 massim.framework.ObjectDumperObserver.notifySimulationState:57
[ NORMAL ]   ##   Simulation at step: 40
[ DEBUG  ]  08:45:29 1 massim.framework.ObjectDumperObserver.notifySimulationState:57
[ NORMAL ]   ##   Simulation at step: 41
[ DEBUG  ]  08:45:29 1 massim.framework.ObjectDumperObserver.notifySimulationState:57
[ NORMAL ]   ##   Simulation at step: 42
[ DEBUG  ]  08:45:29 1 massim.framework.ObjectDumperObserver.notifySimulationState:57
[ NORMAL ]   ##   Simulation at step: 43
[ DEBUG  ]  08:45:30 1 massim.framework.ObjectDumperObserver.notifySimulationState:57
[ NORMAL ]   ##   Simulation at step: 44
[ DEBUG  ]  08:45:30 1 massim.framework.ObjectDumperObserver.notifySimulationState:57
[ NORMAL ]   ##   Simulation at step: 45
[ DEBUG  ]  08:45:30 1 massim.framework.ObjectDumperObserver.notifySimulationState:57
[ NORMAL ]   ##   Simulation at step: 46
[ DEBUG  ]  08:45:30 1 massim.framework.ObjectDumperObserver.notifySimulationState:57
[ NORMAL ]   ##   Simulation at step: 47
[ DEBUG  ]  08:45:30 1 massim.framework.ObjectDumperObserver.notifySimulationState:57
[ NORMAL ]   ##   Simulation at step: 48
[ DEBUG  ]  08:45:31 1 massim.framework.ObjectDumperObserver.notifySimulationState:57
[ NORMAL ]   ##   Simulation at step: 49
[ DEBUG  ]  08:45:31 1 massim.framework.ObjectDumperObserver.notifySimulationState:57
[ NORMAL ]   ##   Simulation at step: 50
[ DEBUG  ]  08:45:31 1 massim.framework.ObjectDumperObserver.notifySimulationState:57
[ NORMAL ]   ##   Simulation at step: 51
[ DEBUG  ]  08:45:31 1 massim.framework.ObjectDumperObserver.notifySimulationState:57
[ NORMAL ]   ##   Simulation at step: 52
[ DEBUG  ]  08:45:31 1 massim.framework.ObjectDumperObserver.notifySimulationState:57
[ NORMAL ]   ##   Simulation at step: 53
[ DEBUG  ]  08:45:31 1 massim.framework.ObjectDumperObserver.notifySimulationState:57
[ NORMAL ]   ##   Simulation at step: 54
[ DEBUG  ]  08:45:32 1 massim.framework.ObjectDumperObserver.notifySimulationState:57
[ NORMAL ]   ##   Simulation at step: 55
[ DEBUG  ]  08:45:32 1 massim.framework.ObjectDumperObserver.notifySimulationState:57
[ NORMAL ]   ##   Simulation at step: 56
[ DEBUG  ]  08:45:32 1 massim.framework.ObjectDumperObserver.notifySimulationState:57
[ NORMAL ]   ##   Simulation at step: 57
[ DEBUG  ]  08:45:32 1 massim.framework.ObjectDumperObserver.notifySimulationState:57
[ NORMAL ]   ##   Simulation at step: 58
[ DEBUG  ]  08:45:32 1 massim.framework.ObjectDumperObserver.notifySimulationState:57
[ NORMAL ]   ##   Simulation at step: 59
[ DEBUG  ]  08:45:33 1 massim.framework.ObjectDumperObserver.notifySimulationState:57
[ NORMAL ]   ##   Simulation at step: 60
[ DEBUG  ]  08:45:33 1 massim.framework.ObjectDumperObserver.notifySimulationState:57
[ NORMAL ]   ##   Simulation at step: 61
[ DEBUG  ]  08:45:33 1 massim.framework.ObjectDumperObserver.notifySimulationState:57
[ NORMAL ]   ##   Simulation at step: 62
[ DEBUG  ]  08:45:33 1 massim.framework.ObjectDumperObserver.notifySimulationState:57
[ NORMAL ]   ##   Simulation at step: 63
[ DEBUG  ]  08:45:33 1 massim.framework.ObjectDumperObserver.notifySimulationState:57
[ NORMAL ]   ##   Simulation at step: 64
[ DEBUG  ]  08:45:34 1 massim.framework.ObjectDumperObserver.notifySimulationState:57
[ NORMAL ]   ##   Simulation at step: 65
[ DEBUG  ]  08:45:34 1 massim.framework.ObjectDumperObserver.notifySimulationState:57
[ NORMAL ]   ##   Simulation at step: 66
[ DEBUG  ]  08:45:34 1 massim.framework.ObjectDumperObserver.notifySimulationState:57
[ NORMAL ]   ##   Simulation at step: 67
[ DEBUG  ]  08:45:34 1 massim.framework.ObjectDumperObserver.notifySimulationState:57
[ NORMAL ]   ##   Simulation at step: 68
[ DEBUG  ]  08:45:34 1 massim.framework.ObjectDumperObserver.notifySimulationState:57
[ NORMAL ]   ##   Simulation at step: 69
[ DEBUG  ]  08:45:34 1 massim.framework.ObjectDumperObserver.notifySimulationState:57
[ NORMAL ]   ##   Simulation at step: 70
[ DEBUG  ]  08:45:35 1 massim.framework.ObjectDumperObserver.notifySimulationState:57
[ NORMAL ]   ##   Simulation at step: 71
[ DEBUG  ]  08:45:35 1 massim.framework.ObjectDumperObserver.notifySimulationState:57
[ NORMAL ]   ##   Simulation at step: 72
[ DEBUG  ]  08:45:35 1 massim.framework.ObjectDumperObserver.notifySimulationState:57
[ NORMAL ]   ##   Simulation at step: 73
[ DEBUG  ]  08:45:35 1 massim.framework.ObjectDumperObserver.notifySimulationState:57
[ NORMAL ]   ##   Simulation at step: 74
[ DEBUG  ]  08:45:36 1 massim.framework.ObjectDumperObserver.notifySimulationState:57
[ NORMAL ]   ##   Simulation at step: 75
[ DEBUG  ]  08:45:36 1 massim.framework.ObjectDumperObserver.notifySimulationState:57
[ NORMAL ]   ##   Simulation at step: 76
[ DEBUG  ]  08:45:36 1 massim.framework.ObjectDumperObserver.notifySimulationState:57
[ NORMAL ]   ##   Simulation at step: 77
[ DEBUG  ]  08:45:36 1 massim.framework.ObjectDumperObserver.notifySimulationState:57
[ NORMAL ]   ##   Simulation at step: 78
[ DEBUG  ]  08:45:36 1 massim.framework.ObjectDumperObserver.notifySimulationState:57
[ NORMAL ]   ##   Simulation at step: 79
[ DEBUG  ]  08:45:37 1 massim.framework.ObjectDumperObserver.notifySimulationState:57
[ NORMAL ]   ##   Simulation at step: 80
[ DEBUG  ]  08:45:37 1 massim.framework.ObjectDumperObserver.notifySimulationState:57
[ NORMAL ]   ##   Simulation at step: 81
[ DEBUG  ]  08:45:37 1 massim.framework.ObjectDumperObserver.notifySimulationState:57
[ NORMAL ]   ##   Simulation at step: 82
[ DEBUG  ]  08:45:37 1 massim.framework.ObjectDumperObserver.notifySimulationState:57
[ NORMAL ]   ##   Simulation at step: 83
[ DEBUG  ]  08:45:37 1 massim.framework.ObjectDumperObserver.notifySimulationState:57
[ NORMAL ]   ##   Simulation at step: 84
[ DEBUG  ]  08:45:37 1 massim.framework.ObjectDumperObserver.notifySimulationState:57
[ NORMAL ]   ##   Simulation at step: 85
[ DEBUG  ]  08:45:38 1 massim.framework.ObjectDumperObserver.notifySimulationState:57
[ NORMAL ]   ##   Simulation at step: 86
[ DEBUG  ]  08:45:38 1 massim.framework.ObjectDumperObserver.notifySimulationState:57
[ NORMAL ]   ##   Simulation at step: 87
[ DEBUG  ]  08:45:38 1 massim.framework.ObjectDumperObserver.notifySimulationState:57
[ NORMAL ]   ##   Simulation at step: 88
[ DEBUG  ]  08:45:38 1 massim.framework.ObjectDumperObserver.notifySimulationState:57
[ NORMAL ]   ##   Simulation at step: 89
[ DEBUG  ]  08:45:38 1 massim.framework.ObjectDumperObserver.notifySimulationState:57
[ NORMAL ]   ##   Simulation at step: 90
[ DEBUG  ]  08:45:39 1 massim.framework.ObjectDumperObserver.notifySimulationState:57
[ NORMAL ]   ##   Simulation at step: 91
[ DEBUG  ]  08:45:39 1 massim.framework.ObjectDumperObserver.notifySimulationState:57
[ NORMAL ]   ##   Simulation at step: 92
[ DEBUG  ]  08:45:39 1 massim.framework.ObjectDumperObserver.notifySimulationState:57
[ NORMAL ]   ##   Simulation at step: 93
[ DEBUG  ]  08:45:39 1 massim.framework.ObjectDumperObserver.notifySimulationState:57
[ NORMAL ]   ##   Simulation at step: 94
[ DEBUG  ]  08:45:39 1 massim.framework.ObjectDumperObserver.notifySimulationState:57
[ NORMAL ]   ##   Simulation at step: 95
[ DEBUG  ]  08:45:40 1 massim.framework.ObjectDumperObserver.notifySimulationState:57
[ NORMAL ]   ##   Simulation at step: 96
[ DEBUG  ]  08:45:40 1 massim.framework.ObjectDumperObserver.notifySimulationState:57
[ NORMAL ]   ##   Simulation at step: 97
[ DEBUG  ]  08:45:40 1 massim.framework.ObjectDumperObserver.notifySimulationState:57
[ NORMAL ]   ##   Simulation at step: 98
[ DEBUG  ]  08:45:40 1 massim.framework.ObjectDumperObserver.notifySimulationState:57
[ NORMAL ]   ##   Simulation at step: 99
[ DEBUG  ]  08:45:40 1 massim.framework.ObjectDumperObserver.notifySimulationState:57
[ NORMAL ]   ##   Simulation at step: 100
[ DEBUG  ]  08:45:40 1 massim.framework.ObjectDumperObserver.notifySimulationState:57
[ NORMAL ]   ##   Simulation at step: 101
[ DEBUG  ]  08:45:41 1 massim.framework.ObjectDumperObserver.notifySimulationState:57
[ NORMAL ]   ##   Simulation at step: 102
[ DEBUG  ]  08:45:41 1 massim.framework.ObjectDumperObserver.notifySimulationState:57
[ NORMAL ]   ##   Simulation at step: 103
[ DEBUG  ]  08:45:41 1 massim.framework.ObjectDumperObserver.notifySimulationState:57
[ NORMAL ]   ##   Simulation at step: 104
[ DEBUG  ]  08:45:41 1 massim.framework.ObjectDumperObserver.notifySimulationState:57
[ NORMAL ]   ##   Simulation at step: 105
[ DEBUG  ]  08:45:41 1 massim.framework.ObjectDumperObserver.notifySimulationState:57
[ NORMAL ]   ##   Simulation at step: 106
[ DEBUG  ]  08:45:42 1 massim.framework.ObjectDumperObserver.notifySimulationState:57
[ NORMAL ]   ##   Simulation at step: 107
[ DEBUG  ]  08:45:42 1 massim.framework.ObjectDumperObserver.notifySimulationState:57
[ NORMAL ]   ##   Simulation at step: 108
[ DEBUG  ]  08:45:42 1 massim.framework.ObjectDumperObserver.notifySimulationState:57
[ NORMAL ]   ##   Simulation at step: 109
[ DEBUG  ]  08:45:42 1 massim.framework.ObjectDumperObserver.notifySimulationState:57
[ NORMAL ]   ##   Simulation at step: 110
[ DEBUG  ]  08:45:42 1 massim.framework.ObjectDumperObserver.notifySimulationState:57
[ NORMAL ]   ##   Simulation at step: 111
[ DEBUG  ]  08:45:43 1 massim.framework.ObjectDumperObserver.notifySimulationState:57
[ NORMAL ]   ##   Simulation at step: 112
[ DEBUG  ]  08:45:43 1 massim.framework.ObjectDumperObserver.notifySimulationState:57
[ NORMAL ]   ##   Simulation at step: 113
[ DEBUG  ]  08:45:43 1 massim.framework.ObjectDumperObserver.notifySimulationState:57
[ NORMAL ]   ##   Simulation at step: 114
[ DEBUG  ]  08:45:43 1 massim.framework.ObjectDumperObserver.notifySimulationState:57
[ NORMAL ]   ##   Simulation at step: 115
[ DEBUG  ]  08:45:43 1 massim.framework.ObjectDumperObserver.notifySimulationState:57
[ NORMAL ]   ##   Simulation at step: 116
[ DEBUG  ]  08:45:44 1 massim.framework.ObjectDumperObserver.notifySimulationState:57
[ NORMAL ]   ##   Simulation at step: 117
[ DEBUG  ]  08:45:44 1 massim.framework.ObjectDumperObserver.notifySimulationState:57
[ NORMAL ]   ##   Simulation at step: 118
[ DEBUG  ]  08:45:44 1 massim.framework.ObjectDumperObserver.notifySimulationState:57
[ NORMAL ]   ##   Simulation at step: 119
[ DEBUG  ]  08:45:44 1 massim.framework.ObjectDumperObserver.notifySimulationState:57
[ NORMAL ]   ##   Simulation at step: 120
[ DEBUG  ]  08:45:44 1 massim.framework.ObjectDumperObserver.notifySimulationState:57
[ NORMAL ]   ##   Simulation at step: 121
[ DEBUG  ]  08:45:45 1 massim.framework.ObjectDumperObserver.notifySimulationState:57
[ NORMAL ]   ##   Simulation at step: 122
[ DEBUG  ]  08:45:45 1 massim.framework.ObjectDumperObserver.notifySimulationState:57
[ NORMAL ]   ##   Simulation at step: 123
[ DEBUG  ]  08:45:45 1 massim.framework.ObjectDumperObserver.notifySimulationState:57
[ NORMAL ]   ##   Simulation at step: 124
[ DEBUG  ]  08:45:45 1 massim.framework.ObjectDumperObserver.notifySimulationState:57
[ NORMAL ]   ##   Simulation at step: 125
[ DEBUG  ]  08:45:45 1 massim.framework.ObjectDumperObserver.notifySimulationState:57
[ NORMAL ]   ##   Simulation at step: 126
[ DEBUG  ]  08:45:45 1 massim.framework.ObjectDumperObserver.notifySimulationState:57
[ NORMAL ]   ##   Simulation at step: 127
[ DEBUG  ]  08:45:46 1 massim.framework.ObjectDumperObserver.notifySimulationState:57
[ NORMAL ]   ##   Simulation at step: 128
[ DEBUG  ]  08:45:46 1 massim.framework.ObjectDumperObserver.notifySimulationState:57
[ NORMAL ]   ##   Simulation at step: 129
[ DEBUG  ]  08:45:46 1 massim.framework.ObjectDumperObserver.notifySimulationState:57
[ NORMAL ]   ##   Simulation at step: 130
[ DEBUG  ]  08:45:46 1 massim.framework.ObjectDumperObserver.notifySimulationState:57
[ NORMAL ]   ##   Simulation at step: 131
[ DEBUG  ]  08:45:46 1 massim.framework.ObjectDumperObserver.notifySimulationState:57
[ NORMAL ]   ##   Simulation at step: 132
[ DEBUG  ]  08:45:47 1 massim.framework.ObjectDumperObserver.notifySimulationState:57
[ NORMAL ]   ##   Simulation at step: 133
[ DEBUG  ]  08:45:47 1 massim.framework.ObjectDumperObserver.notifySimulationState:57
[ NORMAL ]   ##   Simulation at step: 134
[ DEBUG  ]  08:45:47 1 massim.framework.ObjectDumperObserver.notifySimulationState:57
[ NORMAL ]   ##   Simulation at step: 135
[ DEBUG  ]  08:45:47 1 massim.framework.ObjectDumperObserver.notifySimulationState:57
[ NORMAL ]   ##   Simulation at step: 136
[ DEBUG  ]  08:45:47 1 massim.framework.ObjectDumperObserver.notifySimulationState:57
[ NORMAL ]   ##   Simulation at step: 137
[ DEBUG  ]  08:45:48 1 massim.framework.ObjectDumperObserver.notifySimulationState:57
[ NORMAL ]   ##   Simulation at step: 138
[ DEBUG  ]  08:45:48 1 massim.framework.ObjectDumperObserver.notifySimulationState:57
[ NORMAL ]   ##   Simulation at step: 139
[ DEBUG  ]  08:45:48 1 massim.framework.ObjectDumperObserver.notifySimulationState:57
[ NORMAL ]   ##   Simulation at step: 140
[ DEBUG  ]  08:45:48 1 massim.framework.ObjectDumperObserver.notifySimulationState:57
[ NORMAL ]   ##   Simulation at step: 141
[ DEBUG  ]  08:45:48 1 massim.framework.ObjectDumperObserver.notifySimulationState:57
[ NORMAL ]   ##   Simulation at step: 142
[ DEBUG  ]  08:45:48 1 massim.framework.ObjectDumperObserver.notifySimulationState:57
[ NORMAL ]   ##   Simulation at step: 143
[ DEBUG  ]  08:45:49 1 massim.framework.ObjectDumperObserver.notifySimulationState:57
[ NORMAL ]   ##   Simulation at step: 144
[ DEBUG  ]  08:45:49 1 massim.framework.ObjectDumperObserver.notifySimulationState:57
[ NORMAL ]   ##   Simulation at step: 145
[ DEBUG  ]  08:45:49 1 massim.framework.ObjectDumperObserver.notifySimulationState:57
[ NORMAL ]   ##   Simulation at step: 146
[ DEBUG  ]  08:45:49 1 massim.framework.ObjectDumperObserver.notifySimulationState:57
[ NORMAL ]   ##   Simulation at step: 147
[ DEBUG  ]  08:45:49 1 massim.framework.ObjectDumperObserver.notifySimulationState:57
[ NORMAL ]   ##   Simulation at step: 148
[ DEBUG  ]  08:45:50 1 massim.framework.ObjectDumperObserver.notifySimulationState:57
[ NORMAL ]   ##   Simulation at step: 149
[ DEBUG  ]  08:45:50 1 massim.framework.ObjectDumperObserver.notifySimulationState:57
[ NORMAL ]   ##   Simulation at step: 150
[ DEBUG  ]  08:45:50 1 massim.framework.ObjectDumperObserver.notifySimulationState:57
[ NORMAL ]   ##   Simulation at step: 151
[ DEBUG  ]  08:45:50 1 massim.framework.ObjectDumperObserver.notifySimulationState:57
[ NORMAL ]   ##   Simulation at step: 152
[ DEBUG  ]  08:45:50 1 massim.framework.ObjectDumperObserver.notifySimulationState:57
[ NORMAL ]   ##   Simulation at step: 153
[ DEBUG  ]  08:45:51 1 massim.framework.ObjectDumperObserver.notifySimulationState:57
[ NORMAL ]   ##   Simulation at step: 154
[ DEBUG  ]  08:45:51 1 massim.framework.ObjectDumperObserver.notifySimulationState:57
[ NORMAL ]   ##   Simulation at step: 155
[ DEBUG  ]  08:45:51 1 massim.framework.ObjectDumperObserver.notifySimulationState:57
[ NORMAL ]   ##   Simulation at step: 156
[ DEBUG  ]  08:45:51 1 massim.framework.ObjectDumperObserver.notifySimulationState:57
[ NORMAL ]   ##   Simulation at step: 157
[ DEBUG  ]  08:45:51 1 massim.framework.ObjectDumperObserver.notifySimulationState:57
[ NORMAL ]   ##   Simulation at step: 158
[ DEBUG  ]  08:45:52 1 massim.framework.ObjectDumperObserver.notifySimulationState:57
[ NORMAL ]   ##   Simulation at step: 159
[ DEBUG  ]  08:45:52 1 massim.framework.ObjectDumperObserver.notifySimulationState:57
[ NORMAL ]   ##   Simulation at step: 160
[ DEBUG  ]  08:45:52 1 massim.framework.ObjectDumperObserver.notifySimulationState:57
[ NORMAL ]   ##   Simulation at step: 161
[ DEBUG  ]  08:45:52 1 massim.framework.ObjectDumperObserver.notifySimulationState:57
[ NORMAL ]   ##   Simulation at step: 162
[ DEBUG  ]  08:45:52 1 massim.framework.ObjectDumperObserver.notifySimulationState:57
[ NORMAL ]   ##   Simulation at step: 163
[ DEBUG  ]  08:45:52 1 massim.framework.ObjectDumperObserver.notifySimulationState:57
[ NORMAL ]   ##   Simulation at step: 164
[ DEBUG  ]  08:45:53 1 massim.framework.ObjectDumperObserver.notifySimulationState:57
[ NORMAL ]   ##   Simulation at step: 165
[ DEBUG  ]  08:45:53 1 massim.framework.ObjectDumperObserver.notifySimulationState:57
[ NORMAL ]   ##   Simulation at step: 166
[ DEBUG  ]  08:45:53 1 massim.framework.ObjectDumperObserver.notifySimulationState:57
[ NORMAL ]   ##   Simulation at step: 167
[ DEBUG  ]  08:45:53 1 massim.framework.ObjectDumperObserver.notifySimulationState:57
[ NORMAL ]   ##   Simulation at step: 168
[ DEBUG  ]  08:45:53 1 massim.framework.ObjectDumperObserver.notifySimulationState:57
[ NORMAL ]   ##   Simulation at step: 169
[ DEBUG  ]  08:45:54 1 massim.framework.ObjectDumperObserver.notifySimulationState:57
[ NORMAL ]   ##   Simulation at step: 170
[ DEBUG  ]  08:45:54 1 massim.framework.ObjectDumperObserver.notifySimulationState:57
[ NORMAL ]   ##   Simulation at step: 171
[ DEBUG  ]  08:45:54 1 massim.framework.ObjectDumperObserver.notifySimulationState:57
[ NORMAL ]   ##   Simulation at step: 172
[ DEBUG  ]  08:45:54 1 massim.framework.ObjectDumperObserver.notifySimulationState:57
[ NORMAL ]   ##   Simulation at step: 173
[ DEBUG  ]  08:45:54 1 massim.framework.ObjectDumperObserver.notifySimulationState:57
[ NORMAL ]   ##   Simulation at step: 174
[ DEBUG  ]  08:45:55 1 massim.framework.ObjectDumperObserver.notifySimulationState:57
[ NORMAL ]   ##   Simulation at step: 175
[ DEBUG  ]  08:45:55 1 massim.framework.ObjectDumperObserver.notifySimulationState:57
[ NORMAL ]   ##   Simulation at step: 176
[ DEBUG  ]  08:45:55 1 massim.framework.ObjectDumperObserver.notifySimulationState:57
[ NORMAL ]   ##   Simulation at step: 177
[ DEBUG  ]  08:45:55 1 massim.framework.ObjectDumperObserver.notifySimulationState:57
[ NORMAL ]   ##   Simulation at step: 178
[ DEBUG  ]  08:45:55 1 massim.framework.ObjectDumperObserver.notifySimulationState:57
[ NORMAL ]   ##   Simulation at step: 179
[ DEBUG  ]  08:45:56 1 massim.framework.ObjectDumperObserver.notifySimulationState:57
[ NORMAL ]   ##   Simulation at step: 180
[ DEBUG  ]  08:45:56 1 massim.framework.ObjectDumperObserver.notifySimulationState:57
[ NORMAL ]   ##   Simulation at step: 181
[ DEBUG  ]  08:45:56 1 massim.framework.ObjectDumperObserver.notifySimulationState:57
[ NORMAL ]   ##   Simulation at step: 182
[ DEBUG  ]  08:45:56 1 massim.framework.ObjectDumperObserver.notifySimulationState:57
[ NORMAL ]   ##   Simulation at step: 183
[ DEBUG  ]  08:45:56 1 massim.framework.ObjectDumperObserver.notifySimulationState:57
[ NORMAL ]   ##   Simulation at step: 184
[ DEBUG  ]  08:45:57 1 massim.framework.ObjectDumperObserver.notifySimulationState:57
[ NORMAL ]   ##   Simulation at step: 185
[ DEBUG  ]  08:45:57 1 massim.framework.ObjectDumperObserver.notifySimulationState:57
[ NORMAL ]   ##   Simulation at step: 186
[ DEBUG  ]  08:45:57 1 massim.framework.ObjectDumperObserver.notifySimulationState:57
[ NORMAL ]   ##   Simulation at step: 187
[ DEBUG  ]  08:45:57 1 massim.framework.ObjectDumperObserver.notifySimulationState:57
[ NORMAL ]   ##   Simulation at step: 188
[ DEBUG  ]  08:45:57 1 massim.framework.ObjectDumperObserver.notifySimulationState:57
[ NORMAL ]   ##   Simulation at step: 189
[ DEBUG  ]  08:45:57 1 massim.framework.ObjectDumperObserver.notifySimulationState:57
[ NORMAL ]   ##   Simulation at step: 190
[ DEBUG  ]  08:45:58 1 massim.framework.ObjectDumperObserver.notifySimulationState:57
[ NORMAL ]   ##   Simulation at step: 191
[ DEBUG  ]  08:45:58 1 massim.framework.ObjectDumperObserver.notifySimulationState:57
[ NORMAL ]   ##   Simulation at step: 192
[ DEBUG  ]  08:45:58 1 massim.framework.ObjectDumperObserver.notifySimulationState:57
[ NORMAL ]   ##   Simulation at step: 193
[ DEBUG  ]  08:45:58 1 massim.framework.ObjectDumperObserver.notifySimulationState:57
[ NORMAL ]   ##   Simulation at step: 194
[ DEBUG  ]  08:45:58 1 massim.framework.ObjectDumperObserver.notifySimulationState:57
[ NORMAL ]   ##   Simulation at step: 195
[ DEBUG  ]  08:45:59 1 massim.framework.ObjectDumperObserver.notifySimulationState:57
[ NORMAL ]   ##   Simulation at step: 196
[ DEBUG  ]  08:45:59 1 massim.framework.ObjectDumperObserver.notifySimulationState:57
[ NORMAL ]   ##   Simulation at step: 197
[ DEBUG  ]  08:45:59 1 massim.framework.ObjectDumperObserver.notifySimulationState:57
[ NORMAL ]   ##   Simulation at step: 198
[ DEBUG  ]  08:45:59 1 massim.framework.ObjectDumperObserver.notifySimulationState:57
[ NORMAL ]   ##   Simulation at step: 199
[ DEBUG  ]  08:45:59 1 massim.framework.ObjectDumperObserver.notifySimulationState:57
[ NORMAL ]   ##   Simulation at step: 200
[ DEBUG  ]  08:45:59 1 massim.framework.ObjectDumperObserver.notifySimulationState:57
[ NORMAL ]   ##   Simulation at step: 201
[ DEBUG  ]  08:46:00 1 massim.framework.ObjectDumperObserver.notifySimulationState:57
[ NORMAL ]   ##   Simulation at step: 202
[ DEBUG  ]  08:46:00 1 massim.framework.ObjectDumperObserver.notifySimulationState:57
[ NORMAL ]   ##   Simulation at step: 203
[ DEBUG  ]  08:46:00 1 massim.framework.ObjectDumperObserver.notifySimulationState:57
[ NORMAL ]   ##   Simulation at step: 204
[ DEBUG  ]  08:46:00 1 massim.framework.ObjectDumperObserver.notifySimulationState:57
[ NORMAL ]   ##   Simulation at step: 205
[ DEBUG  ]  08:46:00 1 massim.framework.ObjectDumperObserver.notifySimulationState:57
[ NORMAL ]   ##   Simulation at step: 206
[ DEBUG  ]  08:46:01 1 massim.framework.ObjectDumperObserver.notifySimulationState:57
[ NORMAL ]   ##   Simulation at step: 207
[ DEBUG  ]  08:46:01 1 massim.framework.ObjectDumperObserver.notifySimulationState:57
[ NORMAL ]   ##   Simulation at step: 208
[ DEBUG  ]  08:46:01 1 massim.framework.ObjectDumperObserver.notifySimulationState:57
[ NORMAL ]   ##   Simulation at step: 209
[ DEBUG  ]  08:46:01 1 massim.framework.ObjectDumperObserver.notifySimulationState:57
[ NORMAL ]   ##   Simulation at step: 210
[ DEBUG  ]  08:46:01 1 massim.framework.ObjectDumperObserver.notifySimulationState:57
[ NORMAL ]   ##   Simulation at step: 211
[ DEBUG  ]  08:46:01 1 massim.framework.ObjectDumperObserver.notifySimulationState:57
[ NORMAL ]   ##   Simulation at step: 212
[ DEBUG  ]  08:46:02 1 massim.framework.ObjectDumperObserver.notifySimulationState:57
[ NORMAL ]   ##   Simulation at step: 213
[ DEBUG  ]  08:46:02 1 massim.framework.ObjectDumperObserver.notifySimulationState:57
[ NORMAL ]   ##   Simulation at step: 214
[ DEBUG  ]  08:46:02 1 massim.framework.ObjectDumperObserver.notifySimulationState:57
[ NORMAL ]   ##   Simulation at step: 215
[ DEBUG  ]  08:46:02 1 massim.framework.ObjectDumperObserver.notifySimulationState:57
[ NORMAL ]   ##   Simulation at step: 216
[ DEBUG  ]  08:46:02 1 massim.framework.ObjectDumperObserver.notifySimulationState:57
[ NORMAL ]   ##   Simulation at step: 217
[ DEBUG  ]  08:46:02 1 massim.framework.ObjectDumperObserver.notifySimulationState:57
[ NORMAL ]   ##   Simulation at step: 218
[ DEBUG  ]  08:46:03 1 massim.framework.ObjectDumperObserver.notifySimulationState:57
[ NORMAL ]   ##   Simulation at step: 219
[ DEBUG  ]  08:46:03 1 massim.framework.ObjectDumperObserver.notifySimulationState:57
[ NORMAL ]   ##   Simulation at step: 220
[ DEBUG  ]  08:46:03 1 massim.framework.ObjectDumperObserver.notifySimulationState:57
[ NORMAL ]   ##   Simulation at step: 221
[ DEBUG  ]  08:46:03 1 massim.framework.ObjectDumperObserver.notifySimulationState:57
[ NORMAL ]   ##   Simulation at step: 222
[ DEBUG  ]  08:46:03 1 massim.framework.ObjectDumperObserver.notifySimulationState:57
[ NORMAL ]   ##   Simulation at step: 223
[ DEBUG  ]  08:46:03 1 massim.framework.ObjectDumperObserver.notifySimulationState:57
[ NORMAL ]   ##   Simulation at step: 224
[ DEBUG  ]  08:46:04 1 massim.framework.ObjectDumperObserver.notifySimulationState:57
[ NORMAL ]   ##   Simulation at step: 225
[ DEBUG  ]  08:46:04 1 massim.framework.ObjectDumperObserver.notifySimulationState:57
[ NORMAL ]   ##   Simulation at step: 226
[ DEBUG  ]  08:46:04 1 massim.framework.ObjectDumperObserver.notifySimulationState:57
[ NORMAL ]   ##   Simulation at step: 227
[ DEBUG  ]  08:46:04 1 massim.framework.ObjectDumperObserver.notifySimulationState:57
[ NORMAL ]   ##   Simulation at step: 228
[ DEBUG  ]  08:46:04 1 massim.framework.ObjectDumperObserver.notifySimulationState:57
[ NORMAL ]   ##   Simulation at step: 229
[ DEBUG  ]  08:46:04 1 massim.framework.ObjectDumperObserver.notifySimulationState:57
[ NORMAL ]   ##   Simulation at step: 230
[ DEBUG  ]  08:46:05 1 massim.framework.ObjectDumperObserver.notifySimulationState:57
[ NORMAL ]   ##   Simulation at step: 231
[ DEBUG  ]  08:46:05 1 massim.framework.ObjectDumperObserver.notifySimulationState:57
[ NORMAL ]   ##   Simulation at step: 232
[ DEBUG  ]  08:46:05 1 massim.framework.ObjectDumperObserver.notifySimulationState:57
[ NORMAL ]   ##   Simulation at step: 233
[ DEBUG  ]  08:46:05 1 massim.framework.ObjectDumperObserver.notifySimulationState:57
