[ DEBUG  ]   ##   Server configured.
[ NORMAL ]   ##   Connected to rmiregistry at localhost on port 1099
[ DEBUG  ]  15:21:32 10 massim.framework.connection.InetSocketListener.waitForIncomingSocket:28
[ DEBUG  ]   ##   waiting for connection...
[ DEBUG  ]   ##   RMI HOST: localhost
[ DEBUG  ]   ##   RMI PORT: 1099
[ NORMAL ]   ##   Please press ENTER to start the tournament.
[ DEBUG  ]   ##   got a connection
[ DEBUG  ]  15:21:36 10 massim.framework.connection.InetSocketListener.waitForIncomingSocket:28
[ DEBUG  ]  15:21:36 19 massim.framework.connection.AbstractSocketLoginManager.handleSocket:33
[ DEBUG  ]   ##   waiting for connection...
[ DEBUG  ]   ##   retrieving authentication from client 
[ DEBUG  ]   ##   <?xml version="1.0" encoding="UTF-8" standalone="no"?><message type="auth-request"><authentication password="1" username="b1"/></message>
[ NORMAL ]   ##   got authentication: username=b1 password=1 Address=127.0.0.1
[ DEBUG  ]   ##   received socket:Socket[addr=/127.0.0.1,port=58392,localport=12300]
[ DEBUG  ]   ##   got a connection
[ DEBUG  ]  15:21:36 22 massim.framework.connection.AbstractSocketLoginManager.handleSocket:33
[ DEBUG  ]  15:21:36 10 massim.framework.connection.InetSocketListener.waitForIncomingSocket:28
[ DEBUG  ]   ##   retrieving authentication from client 
[ DEBUG  ]   ##   waiting for connection...
[ DEBUG  ]   ##   <?xml version="1.0" encoding="UTF-8" standalone="no"?><message type="auth-request"><authentication password="1" username="b2"/></message>
[ NORMAL ]   ##   got authentication: username=b2 password=1 Address=127.0.0.1
[ DEBUG  ]   ##   received socket:Socket[addr=/127.0.0.1,port=58393,localport=12300]
[ DEBUG  ]   ##   got a connection
[ DEBUG  ]  15:21:36 10 massim.framework.connection.InetSocketListener.waitForIncomingSocket:28
[ DEBUG  ]  15:21:36 25 massim.framework.connection.AbstractSocketLoginManager.handleSocket:33
[ DEBUG  ]   ##   waiting for connection...
[ DEBUG  ]   ##   retrieving authentication from client 
[ DEBUG  ]   ##   <?xml version="1.0" encoding="UTF-8" standalone="no"?><message type="auth-request"><authentication password="1" username="b3"/></message>
[ NORMAL ]   ##   got authentication: username=b3 password=1 Address=127.0.0.1
[ DEBUG  ]   ##   received socket:Socket[addr=/127.0.0.1,port=58394,localport=12300]
[ DEBUG  ]   ##   got a connection
[ DEBUG  ]  15:21:36 10 massim.framework.connection.InetSocketListener.waitForIncomingSocket:28
[ DEBUG  ]  15:21:36 28 massim.framework.connection.AbstractSocketLoginManager.handleSocket:33
[ DEBUG  ]   ##   waiting for connection...
[ DEBUG  ]   ##   retrieving authentication from client 
[ DEBUG  ]   ##   <?xml version="1.0" encoding="UTF-8" standalone="no"?><message type="auth-request"><authentication password="1" username="b4"/></message>
[ NORMAL ]   ##   got authentication: username=b4 password=1 Address=127.0.0.1
[ DEBUG  ]   ##   received socket:Socket[addr=/127.0.0.1,port=58395,localport=12300]
[ DEBUG  ]   ##   got a connection
[ DEBUG  ]  15:21:36 10 massim.framework.connection.InetSocketListener.waitForIncomingSocket:28
[ DEBUG  ]  15:21:36 31 massim.framework.connection.AbstractSocketLoginManager.handleSocket:33
[ DEBUG  ]   ##   waiting for connection...
[ DEBUG  ]   ##   retrieving authentication from client 
[ DEBUG  ]   ##   <?xml version="1.0" encoding="UTF-8" standalone="no"?><message type="auth-request"><authentication password="1" username="b5"/></message>
[ NORMAL ]   ##   got authentication: username=b5 password=1 Address=127.0.0.1
[ DEBUG  ]   ##   received socket:Socket[addr=/127.0.0.1,port=58396,localport=12300]
[ DEBUG  ]   ##   got a connection
[ DEBUG  ]  15:21:36 10 massim.framework.connection.InetSocketListener.waitForIncomingSocket:28
[ DEBUG  ]  15:21:36 34 massim.framework.connection.AbstractSocketLoginManager.handleSocket:33
[ DEBUG  ]   ##   waiting for connection...
[ DEBUG  ]   ##   retrieving authentication from client 
[ DEBUG  ]   ##   <?xml version="1.0" encoding="UTF-8" standalone="no"?><message type="auth-request"><authentication password="1" username="b6"/></message>
[ NORMAL ]   ##   got authentication: username=b6 password=1 Address=127.0.0.1
[ DEBUG  ]   ##   received socket:Socket[addr=/127.0.0.1,port=58397,localport=12300]
[ DEBUG  ]   ##   got a connection
[ DEBUG  ]  15:21:36 10 massim.framework.connection.InetSocketListener.waitForIncomingSocket:28
[ DEBUG  ]  15:21:36 37 massim.framework.connection.AbstractSocketLoginManager.handleSocket:33
[ DEBUG  ]   ##   waiting for connection...
[ DEBUG  ]   ##   retrieving authentication from client 
[ DEBUG  ]   ##   <?xml version="1.0" encoding="UTF-8" standalone="no"?><message type="auth-request"><authentication password="1" username="b7"/></message>
[ NORMAL ]   ##   got authentication: username=b7 password=1 Address=127.0.0.1
[ DEBUG  ]   ##   received socket:Socket[addr=/127.0.0.1,port=58398,localport=12300]
[ DEBUG  ]   ##   got a connection
[ DEBUG  ]  15:21:36 10 massim.framework.connection.InetSocketListener.waitForIncomingSocket:28
[ DEBUG  ]  15:21:36 40 massim.framework.connection.AbstractSocketLoginManager.handleSocket:33
[ DEBUG  ]   ##   waiting for connection...
[ DEBUG  ]   ##   retrieving authentication from client 
[ DEBUG  ]   ##   <?xml version="1.0" encoding="UTF-8" standalone="no"?><message type="auth-request"><authentication password="1" username="b8"/></message>
[ NORMAL ]   ##   got authentication: username=b8 password=1 Address=127.0.0.1
[ DEBUG  ]   ##   received socket:Socket[addr=/127.0.0.1,port=58399,localport=12300]
[ DEBUG  ]   ##   got a connection
[ DEBUG  ]  15:21:36 10 massim.framework.connection.InetSocketListener.waitForIncomingSocket:28
[ DEBUG  ]  15:21:36 43 massim.framework.connection.AbstractSocketLoginManager.handleSocket:33
[ DEBUG  ]   ##   waiting for connection...
[ DEBUG  ]   ##   retrieving authentication from client 
[ DEBUG  ]   ##   <?xml version="1.0" encoding="UTF-8" standalone="no"?><message type="auth-request"><authentication password="1" username="b9"/></message>
[ NORMAL ]   ##   got authentication: username=b9 password=1 Address=127.0.0.1
[ DEBUG  ]   ##   received socket:Socket[addr=/127.0.0.1,port=58400,localport=12300]
[ DEBUG  ]   ##   got a connection
[ DEBUG  ]  15:21:36 10 massim.framework.connection.InetSocketListener.waitForIncomingSocket:28
[ DEBUG  ]  15:21:36 46 massim.framework.connection.AbstractSocketLoginManager.handleSocket:33
[ DEBUG  ]   ##   waiting for connection...
[ DEBUG  ]   ##   retrieving authentication from client 
[ DEBUG  ]   ##   <?xml version="1.0" encoding="UTF-8" standalone="no"?><message type="auth-request"><authentication password="1" username="b10"/></message>
[ NORMAL ]   ##   got authentication: username=b10 password=1 Address=127.0.0.1
[ DEBUG  ]   ##   received socket:Socket[addr=/127.0.0.1,port=58401,localport=12300]
[ DEBUG  ]   ##   got a connection
[ DEBUG  ]  15:21:36 10 massim.framework.connection.InetSocketListener.waitForIncomingSocket:28
[ DEBUG  ]  15:21:36 49 massim.framework.connection.AbstractSocketLoginManager.handleSocket:33
[ DEBUG  ]   ##   waiting for connection...
[ DEBUG  ]   ##   retrieving authentication from client 
[ DEBUG  ]   ##   <?xml version="1.0" encoding="UTF-8" standalone="no"?><message type="auth-request"><authentication password="1" username="b11"/></message>
[ NORMAL ]   ##   got authentication: username=b11 password=1 Address=127.0.0.1
[ DEBUG  ]   ##   received socket:Socket[addr=/127.0.0.1,port=58402,localport=12300]
[ DEBUG  ]   ##   got a connection
[ DEBUG  ]  15:21:36 10 massim.framework.connection.InetSocketListener.waitForIncomingSocket:28
[ DEBUG  ]  15:21:36 52 massim.framework.connection.AbstractSocketLoginManager.handleSocket:33
[ DEBUG  ]   ##   waiting for connection...
[ DEBUG  ]   ##   retrieving authentication from client 
[ DEBUG  ]   ##   <?xml version="1.0" encoding="UTF-8" standalone="no"?><message type="auth-request"><authentication password="1" username="b12"/></message>
[ NORMAL ]   ##   got authentication: username=b12 password=1 Address=127.0.0.1
[ DEBUG  ]   ##   received socket:Socket[addr=/127.0.0.1,port=58403,localport=12300]
[ DEBUG  ]   ##   got a connection
[ DEBUG  ]  15:21:36 10 massim.framework.connection.InetSocketListener.waitForIncomingSocket:28
[ DEBUG  ]  15:21:36 55 massim.framework.connection.AbstractSocketLoginManager.handleSocket:33
[ DEBUG  ]   ##   waiting for connection...
[ DEBUG  ]   ##   retrieving authentication from client 
[ DEBUG  ]   ##   <?xml version="1.0" encoding="UTF-8" standalone="no"?><message type="auth-request"><authentication password="1" username="b13"/></message>
[ NORMAL ]   ##   got authentication: username=b13 password=1 Address=127.0.0.1
[ DEBUG  ]   ##   received socket:Socket[addr=/127.0.0.1,port=58404,localport=12300]
[ DEBUG  ]   ##   got a connection
[ DEBUG  ]  15:21:36 10 massim.framework.connection.InetSocketListener.waitForIncomingSocket:28
[ DEBUG  ]  15:21:36 58 massim.framework.connection.AbstractSocketLoginManager.handleSocket:33
[ DEBUG  ]   ##   waiting for connection...
[ DEBUG  ]   ##   retrieving authentication from client 
[ DEBUG  ]   ##   <?xml version="1.0" encoding="UTF-8" standalone="no"?><message type="auth-request"><authentication password="1" username="b14"/></message>
[ NORMAL ]   ##   got authentication: username=b14 password=1 Address=127.0.0.1
[ DEBUG  ]   ##   received socket:Socket[addr=/127.0.0.1,port=58405,localport=12300]
[ DEBUG  ]   ##   got a connection
[ DEBUG  ]  15:21:36 10 massim.framework.connection.InetSocketListener.waitForIncomingSocket:28
[ DEBUG  ]  15:21:36 61 massim.framework.connection.AbstractSocketLoginManager.handleSocket:33
[ DEBUG  ]   ##   waiting for connection...
[ DEBUG  ]   ##   retrieving authentication from client 
[ DEBUG  ]   ##   <?xml version="1.0" encoding="UTF-8" standalone="no"?><message type="auth-request"><authentication password="1" username="b15"/></message>
[ NORMAL ]   ##   got authentication: username=b15 password=1 Address=127.0.0.1
[ DEBUG  ]   ##   received socket:Socket[addr=/127.0.0.1,port=58406,localport=12300]
[ DEBUG  ]   ##   got a connection
[ DEBUG  ]  15:21:36 10 massim.framework.connection.InetSocketListener.waitForIncomingSocket:28
[ DEBUG  ]  15:21:36 64 massim.framework.connection.AbstractSocketLoginManager.handleSocket:33
[ DEBUG  ]   ##   waiting for connection...
[ DEBUG  ]   ##   retrieving authentication from client 
[ DEBUG  ]   ##   <?xml version="1.0" encoding="UTF-8" standalone="no"?><message type="auth-request"><authentication password="1" username="b16"/></message>
[ NORMAL ]   ##   got authentication: username=b16 password=1 Address=127.0.0.1
[ DEBUG  ]   ##   received socket:Socket[addr=/127.0.0.1,port=58407,localport=12300]
[ DEBUG  ]   ##   got a connection
[ DEBUG  ]  15:22:01 10 massim.framework.connection.InetSocketListener.waitForIncomingSocket:28
[ DEBUG  ]  15:22:01 68 massim.framework.connection.AbstractSocketLoginManager.handleSocket:33
[ DEBUG  ]   ##   waiting for connection...
[ DEBUG  ]   ##   retrieving authentication from client 
[ DEBUG  ]   ##   <?xml version="1.0" encoding="UTF-8"?><message type="auth-request"><authentication password="1" username="a1"/></message>
[ NORMAL ]   ##   got authentication: username=a1 password=1 Address=127.0.0.1
[ DEBUG  ]   ##   received socket:Socket[addr=/127.0.0.1,port=58409,localport=12300]
[ DEBUG  ]   ##   got a connection
[ DEBUG  ]  15:22:01 10 massim.framework.connection.InetSocketListener.waitForIncomingSocket:28
[ DEBUG  ]  15:22:01 71 massim.framework.connection.AbstractSocketLoginManager.handleSocket:33
[ DEBUG  ]   ##   waiting for connection...
[ DEBUG  ]   ##   retrieving authentication from client 
[ DEBUG  ]   ##   <?xml version="1.0" encoding="UTF-8"?><message type="auth-request"><authentication password="1" username="a2"/></message>
[ NORMAL ]   ##   got authentication: username=a2 password=1 Address=127.0.0.1
[ DEBUG  ]   ##   received socket:Socket[addr=/127.0.0.1,port=58410,localport=12300]
[ DEBUG  ]   ##   got a connection
[ DEBUG  ]  15:22:01 10 massim.framework.connection.InetSocketListener.waitForIncomingSocket:28
[ DEBUG  ]   ##   waiting for connection...
[ DEBUG  ]  15:22:01 74 massim.framework.connection.AbstractSocketLoginManager.handleSocket:33
[ DEBUG  ]   ##   retrieving authentication from client 
[ DEBUG  ]   ##   <?xml version="1.0" encoding="UTF-8"?><message type="auth-request"><authentication password="1" username="a3"/></message>
[ NORMAL ]   ##   got authentication: username=a3 password=1 Address=127.0.0.1
[ DEBUG  ]   ##   received socket:Socket[addr=/127.0.0.1,port=58411,localport=12300]
[ DEBUG  ]   ##   got a connection
[ DEBUG  ]  15:22:01 10 massim.framework.connection.InetSocketListener.waitForIncomingSocket:28
[ DEBUG  ]  15:22:01 77 massim.framework.connection.AbstractSocketLoginManager.handleSocket:33
[ DEBUG  ]   ##   waiting for connection...
[ DEBUG  ]   ##   retrieving authentication from client 
[ DEBUG  ]   ##   <?xml version="1.0" encoding="UTF-8"?><message type="auth-request"><authentication password="1" username="a4"/></message>
[ NORMAL ]   ##   got authentication: username=a4 password=1 Address=127.0.0.1
[ DEBUG  ]   ##   received socket:Socket[addr=/127.0.0.1,port=58412,localport=12300]
[ DEBUG  ]   ##   got a connection
[ DEBUG  ]  15:22:01 10 massim.framework.connection.InetSocketListener.waitForIncomingSocket:28
[ DEBUG  ]  15:22:01 80 massim.framework.connection.AbstractSocketLoginManager.handleSocket:33
[ DEBUG  ]   ##   waiting for connection...
[ DEBUG  ]   ##   retrieving authentication from client 
[ DEBUG  ]   ##   <?xml version="1.0" encoding="UTF-8"?><message type="auth-request"><authentication password="1" username="a5"/></message>
[ NORMAL ]   ##   got authentication: username=a5 password=1 Address=127.0.0.1
[ DEBUG  ]   ##   received socket:Socket[addr=/127.0.0.1,port=58413,localport=12300]
[ DEBUG  ]   ##   got a connection
[ DEBUG  ]  15:22:01 10 massim.framework.connection.InetSocketListener.waitForIncomingSocket:28
[ DEBUG  ]  15:22:01 83 massim.framework.connection.AbstractSocketLoginManager.handleSocket:33
[ DEBUG  ]   ##   waiting for connection...
[ DEBUG  ]   ##   retrieving authentication from client 
[ DEBUG  ]   ##   <?xml version="1.0" encoding="UTF-8"?><message type="auth-request"><authentication password="1" username="a6"/></message>
[ NORMAL ]   ##   got authentication: username=a6 password=1 Address=127.0.0.1
[ DEBUG  ]   ##   received socket:Socket[addr=/127.0.0.1,port=58414,localport=12300]
[ DEBUG  ]   ##   got a connection
[ DEBUG  ]  15:22:01 10 massim.framework.connection.InetSocketListener.waitForIncomingSocket:28
[ DEBUG  ]   ##   waiting for connection...
[ DEBUG  ]  15:22:01 86 massim.framework.connection.AbstractSocketLoginManager.handleSocket:33
[ DEBUG  ]   ##   retrieving authentication from client 
[ DEBUG  ]   ##   <?xml version="1.0" encoding="UTF-8"?><message type="auth-request"><authentication password="1" username="a7"/></message>
[ NORMAL ]   ##   got authentication: username=a7 password=1 Address=127.0.0.1
[ DEBUG  ]   ##   received socket:Socket[addr=/127.0.0.1,port=58415,localport=12300]
[ DEBUG  ]   ##   got a connection
[ DEBUG  ]  15:22:01 10 massim.framework.connection.InetSocketListener.waitForIncomingSocket:28
[ DEBUG  ]  15:22:01 89 massim.framework.connection.AbstractSocketLoginManager.handleSocket:33
[ DEBUG  ]   ##   waiting for connection...
[ DEBUG  ]   ##   retrieving authentication from client 
[ DEBUG  ]   ##   <?xml version="1.0" encoding="UTF-8"?><message type="auth-request"><authentication password="1" username="a8"/></message>
[ NORMAL ]   ##   got authentication: username=a8 password=1 Address=127.0.0.1
[ DEBUG  ]   ##   received socket:Socket[addr=/127.0.0.1,port=58416,localport=12300]
[ DEBUG  ]   ##   got a connection
[ DEBUG  ]  15:22:01 92 massim.framework.connection.AbstractSocketLoginManager.handleSocket:33
[ DEBUG  ]  15:22:01 10 massim.framework.connection.InetSocketListener.waitForIncomingSocket:28
[ DEBUG  ]   ##   retrieving authentication from client 
[ DEBUG  ]   ##   waiting for connection...
[ DEBUG  ]   ##   <?xml version="1.0" encoding="UTF-8"?><message type="auth-request"><authentication password="1" username="a9"/></message>
[ NORMAL ]   ##   got authentication: username=a9 password=1 Address=127.0.0.1
[ DEBUG  ]   ##   received socket:Socket[addr=/127.0.0.1,port=58417,localport=12300]
[ DEBUG  ]   ##   got a connection
[ DEBUG  ]  15:22:01 10 massim.framework.connection.InetSocketListener.waitForIncomingSocket:28
[ DEBUG  ]  15:22:01 95 massim.framework.connection.AbstractSocketLoginManager.handleSocket:33
[ DEBUG  ]   ##   waiting for connection...
[ DEBUG  ]   ##   retrieving authentication from client 
[ DEBUG  ]   ##   <?xml version="1.0" encoding="UTF-8"?><message type="auth-request"><authentication password="1" username="a10"/></message>
[ NORMAL ]   ##   got authentication: username=a10 password=1 Address=127.0.0.1
[ DEBUG  ]   ##   received socket:Socket[addr=/127.0.0.1,port=58418,localport=12300]
[ DEBUG  ]   ##   got a connection
[ DEBUG  ]  15:22:01 98 massim.framework.connection.AbstractSocketLoginManager.handleSocket:33
[ DEBUG  ]  15:22:01 10 massim.framework.connection.InetSocketListener.waitForIncomingSocket:28
[ DEBUG  ]   ##   retrieving authentication from client 
[ DEBUG  ]   ##   waiting for connection...
[ DEBUG  ]   ##   <?xml version="1.0" encoding="UTF-8"?><message type="auth-request"><authentication password="1" username="a11"/></message>
[ NORMAL ]   ##   got authentication: username=a11 password=1 Address=127.0.0.1
[ DEBUG  ]   ##   received socket:Socket[addr=/127.0.0.1,port=58419,localport=12300]
[ DEBUG  ]   ##   got a connection
[ DEBUG  ]  15:22:01 10 massim.framework.connection.InetSocketListener.waitForIncomingSocket:28
[ DEBUG  ]  15:22:01 101 massim.framework.connection.AbstractSocketLoginManager.handleSocket:33
[ DEBUG  ]   ##   waiting for connection...
[ DEBUG  ]   ##   retrieving authentication from client 
[ DEBUG  ]   ##   <?xml version="1.0" encoding="UTF-8"?><message type="auth-request"><authentication password="1" username="a12"/></message>
[ NORMAL ]   ##   got authentication: username=a12 password=1 Address=127.0.0.1
[ DEBUG  ]   ##   received socket:Socket[addr=/127.0.0.1,port=58420,localport=12300]
[ DEBUG  ]   ##   got a connection
[ DEBUG  ]  15:22:01 10 massim.framework.connection.InetSocketListener.waitForIncomingSocket:28
[ DEBUG  ]  15:22:01 104 massim.framework.connection.AbstractSocketLoginManager.handleSocket:33
[ DEBUG  ]   ##   waiting for connection...
[ DEBUG  ]   ##   retrieving authentication from client 
[ DEBUG  ]   ##   <?xml version="1.0" encoding="UTF-8"?><message type="auth-request"><authentication password="1" username="a13"/></message>
[ NORMAL ]   ##   got authentication: username=a13 password=1 Address=127.0.0.1
[ DEBUG  ]   ##   received socket:Socket[addr=/127.0.0.1,port=58421,localport=12300]
[ DEBUG  ]   ##   got a connection
[ DEBUG  ]  15:22:01 10 massim.framework.connection.InetSocketListener.waitForIncomingSocket:28
[ DEBUG  ]  15:22:01 107 massim.framework.connection.AbstractSocketLoginManager.handleSocket:33
[ DEBUG  ]   ##   waiting for connection...
[ DEBUG  ]   ##   retrieving authentication from client 
[ DEBUG  ]   ##   <?xml version="1.0" encoding="UTF-8"?><message type="auth-request"><authentication password="1" username="a14"/></message>
[ NORMAL ]   ##   got authentication: username=a14 password=1 Address=127.0.0.1
[ DEBUG  ]   ##   received socket:Socket[addr=/127.0.0.1,port=58422,localport=12300]
[ DEBUG  ]   ##   got a connection
[ DEBUG  ]  15:22:01 10 massim.framework.connection.InetSocketListener.waitForIncomingSocket:28
[ DEBUG  ]   ##   waiting for connection...
[ DEBUG  ]  15:22:01 110 massim.framework.connection.AbstractSocketLoginManager.handleSocket:33
[ DEBUG  ]   ##   retrieving authentication from client 
[ DEBUG  ]   ##   <?xml version="1.0" encoding="UTF-8"?><message type="auth-request"><authentication password="1" username="a15"/></message>
[ NORMAL ]   ##   got authentication: username=a15 password=1 Address=127.0.0.1
[ DEBUG  ]   ##   received socket:Socket[addr=/127.0.0.1,port=58423,localport=12300]
[ DEBUG  ]   ##   got a connection
[ DEBUG  ]  15:22:01 10 massim.framework.connection.InetSocketListener.waitForIncomingSocket:28
[ DEBUG  ]  15:22:01 113 massim.framework.connection.AbstractSocketLoginManager.handleSocket:33
[ DEBUG  ]   ##   waiting for connection...
[ DEBUG  ]   ##   retrieving authentication from client 
[ DEBUG  ]   ##   <?xml version="1.0" encoding="UTF-8"?><message type="auth-request"><authentication password="1" username="a16"/></message>
[ NORMAL ]   ##   got authentication: username=a16 password=1 Address=127.0.0.1
[ DEBUG  ]   ##   received socket:Socket[addr=/127.0.0.1,port=58424,localport=12300]
[ NORMAL ]   ##   now playing: A vs B
[ NORMAL ]   ##   ######################### new simulation run ----
[ NORMAL ]   ##   Seed for map generation: 1450087553905
[ NORMAL ]   ##   Products will be generated.
[ NORMAL ]   ##   Facilities will be generated.
[ NORMAL ]   ##   Jobs will be generated.
[ NORMAL ]   ##   Agents will be positioned randomly.
[ DEBUG  ]  15:22:04 1 massim.framework.DefaultObserver.start:18
[ DEBUG  ]  15:22:04 1 massim.framework.DefaultObserver.start:18
[ DEBUG  ]  15:22:04 1 massim.framework.ObjectDumperObserver.start:68
[ DEBUG  ]   ##   creating...
[ DEBUG  ]   ##   binding...
[ DEBUG  ]   ##   bound
[ DEBUG  ]  15:22:04 1 massim.framework.DefaultObserver.notifySimulationConfiguration:30
[ DEBUG  ]  15:22:04 1 massim.framework.DefaultObserver.notifySimulationConfiguration:30
[ DEBUG  ]  15:22:04 1 massim.framework.ObjectDumperObserver.notifySimulationStart:50
[ DEBUG  ]  15:22:04 1 massim.framework.XMLOutputObserver.notifySimulationStart:41
[ NORMAL ]   ##   item2 Volume: 208
[ NORMAL ]   ##   item3 Volume: 68
[ NORMAL ]   ##   item4 Volume: 83
[ NORMAL ]   ##   item5 Volume: 172
[ NORMAL ]   ##   item9 Volume: 48
[ NORMAL ]   ##   Products generated.
[ NORMAL ]   ##   Facilities generated.
[ ERROR  ]   ##   CityMap: No route found: Not found
[ ERROR  ]   ##   CityMap: No route found: Not found
[ DEBUG  ]  15:22:05 1 massim.framework.ObjectDumperObserver.notifySimulationState:57
[ NORMAL ]   ##   No valid document received in time. Returning InvalidAction to a3
[ NORMAL ]   ##   No valid document received in time. Returning InvalidAction to a1
[ NORMAL ]   ##   No valid document received in time. Returning InvalidAction to a2
[ NORMAL ]   ##   No valid document received in time. Returning InvalidAction to a8
[ NORMAL ]   ##   No valid document received in time. Returning InvalidAction to a6
[ NORMAL ]   ##   No valid document received in time. Returning InvalidAction to a5
[ NORMAL ]   ##   No valid document received in time. Returning InvalidAction to a7
[ NORMAL ]   ##   No valid document received in time. Returning InvalidAction to a10
[ NORMAL ]   ##   No valid document received in time. Returning InvalidAction to a9
[ NORMAL ]   ##   No valid document received in time. Returning InvalidAction to a11
[ NORMAL ]   ##   No valid document received in time. Returning InvalidAction to a12
[ NORMAL ]   ##   No valid document received in time. Returning InvalidAction to a14
[ NORMAL ]   ##   No valid document received in time. Returning InvalidAction to a15
[ NORMAL ]   ##   No valid document received in time. Returning InvalidAction to a13
[ NORMAL ]   ##   No valid document received in time. Returning InvalidAction to a16
[ NORMAL ]   ##   No valid document received in time. Returning InvalidAction to a4
[ NORMAL ]   ##   Simulation at step: 1
[ DEBUG  ]  15:22:09 1 massim.framework.ObjectDumperObserver.notifySimulationState:57
[ NORMAL ]   ##   No valid document received in time. Returning InvalidAction to a1
[ NORMAL ]   ##   No valid document received in time. Returning InvalidAction to a2
[ NORMAL ]   ##   No valid document received in time. Returning InvalidAction to a5
[ NORMAL ]   ##   No valid document received in time. Returning InvalidAction to a7
[ NORMAL ]   ##   No valid document received in time. Returning InvalidAction to a4
[ NORMAL ]   ##   No valid document received in time. Returning InvalidAction to a15
[ NORMAL ]   ##   No valid document received in time. Returning InvalidAction to a14
[ NORMAL ]   ##   No valid document received in time. Returning InvalidAction to a16
[ NORMAL ]   ##   No valid document received in time. Returning InvalidAction to a13
[ NORMAL ]   ##   No valid document received in time. Returning InvalidAction to a12
[ NORMAL ]   ##   No valid document received in time. Returning InvalidAction to a11
[ NORMAL ]   ##   No valid document received in time. Returning InvalidAction to a9
[ NORMAL ]   ##   No valid document received in time. Returning InvalidAction to a6
[ NORMAL ]   ##   No valid document received in time. Returning InvalidAction to a8
[ NORMAL ]   ##   No valid document received in time. Returning InvalidAction to a10
[ NORMAL ]   ##   No valid document received in time. Returning InvalidAction to a3
[ NORMAL ]   ##   Simulation at step: 2
[ DEBUG  ]  15:22:12 1 massim.framework.ObjectDumperObserver.notifySimulationState:57
[ NORMAL ]   ##   No valid document received in time. Returning InvalidAction to a3
[ NORMAL ]   ##   No valid document received in time. Returning InvalidAction to a1
[ NORMAL ]   ##   No valid document received in time. Returning InvalidAction to a2
[ NORMAL ]   ##   No valid document received in time. Returning InvalidAction to a4
[ NORMAL ]   ##   No valid document received in time. Returning InvalidAction to a5
[ NORMAL ]   ##   No valid document received in time. Returning InvalidAction to a6
[ NORMAL ]   ##   No valid document received in time. Returning InvalidAction to a7
[ NORMAL ]   ##   No valid document received in time. Returning InvalidAction to a8
[ NORMAL ]   ##   No valid document received in time. Returning InvalidAction to a10
[ NORMAL ]   ##   No valid document received in time. Returning InvalidAction to a9
[ NORMAL ]   ##   No valid document received in time. Returning InvalidAction to a11
[ NORMAL ]   ##   No valid document received in time. Returning InvalidAction to a12
[ NORMAL ]   ##   No valid document received in time. Returning InvalidAction to a13
[ NORMAL ]   ##   No valid document received in time. Returning InvalidAction to a14
[ NORMAL ]   ##   No valid document received in time. Returning InvalidAction to a15
[ NORMAL ]   ##   No valid document received in time. Returning InvalidAction to a16
[ NORMAL ]   ##   Simulation at step: 3
[ DEBUG  ]  15:22:16 1 massim.framework.ObjectDumperObserver.notifySimulationState:57
[ NORMAL ]   ##   No valid document received in time. Returning InvalidAction to a2
[ NORMAL ]   ##   No valid document received in time. Returning InvalidAction to a3
[ NORMAL ]   ##   No valid document received in time. Returning InvalidAction to a1
[ NORMAL ]   ##   No valid document received in time. Returning InvalidAction to a4
[ NORMAL ]   ##   No valid document received in time. Returning InvalidAction to a5
[ NORMAL ]   ##   No valid document received in time. Returning InvalidAction to a6
[ NORMAL ]   ##   No valid document received in time. Returning InvalidAction to a7
[ NORMAL ]   ##   No valid document received in time. Returning InvalidAction to a9
[ NORMAL ]   ##   No valid document received in time. Returning InvalidAction to a8
[ NORMAL ]   ##   No valid document received in time. Returning InvalidAction to a10
[ NORMAL ]   ##   No valid document received in time. Returning InvalidAction to a11
[ NORMAL ]   ##   No valid document received in time. Returning InvalidAction to a16
[ NORMAL ]   ##   No valid document received in time. Returning InvalidAction to a12
[ NORMAL ]   ##   No valid document received in time. Returning InvalidAction to a15
[ NORMAL ]   ##   No valid document received in time. Returning InvalidAction to a14
[ NORMAL ]   ##   No valid document received in time. Returning InvalidAction to a13
[ NORMAL ]   ##   Simulation at step: 4
[ DEBUG  ]  15:22:20 1 massim.framework.ObjectDumperObserver.notifySimulationState:57
[ NORMAL ]   ##   No valid document received in time. Returning InvalidAction to a2
[ NORMAL ]   ##   No valid document received in time. Returning InvalidAction to a1
[ NORMAL ]   ##   No valid document received in time. Returning InvalidAction to a4
[ NORMAL ]   ##   No valid document received in time. Returning InvalidAction to a5
[ NORMAL ]   ##   No valid document received in time. Returning InvalidAction to a3
[ NORMAL ]   ##   No valid document received in time. Returning InvalidAction to a6
[ NORMAL ]   ##   No valid document received in time. Returning InvalidAction to a7
[ NORMAL ]   ##   No valid document received in time. Returning InvalidAction to a8
[ NORMAL ]   ##   No valid document received in time. Returning InvalidAction to a9
[ NORMAL ]   ##   No valid document received in time. Returning InvalidAction to a10
[ NORMAL ]   ##   No valid document received in time. Returning InvalidAction to a13
[ NORMAL ]   ##   No valid document received in time. Returning InvalidAction to a11
[ NORMAL ]   ##   No valid document received in time. Returning InvalidAction to a12
[ NORMAL ]   ##   No valid document received in time. Returning InvalidAction to a14
[ NORMAL ]   ##   No valid document received in time. Returning InvalidAction to a16
[ NORMAL ]   ##   No valid document received in time. Returning InvalidAction to a15
[ NORMAL ]   ##   Simulation at step: 5
[ DEBUG  ]  15:22:23 1 massim.framework.ObjectDumperObserver.notifySimulationState:57
[ NORMAL ]   ##   No valid document received in time. Returning InvalidAction to a1
[ NORMAL ]   ##   No valid document received in time. Returning InvalidAction to a2
[ NORMAL ]   ##   No valid document received in time. Returning InvalidAction to a4
[ NORMAL ]   ##   No valid document received in time. Returning InvalidAction to a6
[ NORMAL ]   ##   No valid document received in time. Returning InvalidAction to a5
[ NORMAL ]   ##   No valid document received in time. Returning InvalidAction to a14
[ NORMAL ]   ##   No valid document received in time. Returning InvalidAction to a13
[ NORMAL ]   ##   No valid document received in time. Returning InvalidAction to a10
[ NORMAL ]   ##   No valid document received in time. Returning InvalidAction to a15
[ NORMAL ]   ##   No valid document received in time. Returning InvalidAction to a11
[ NORMAL ]   ##   No valid document received in time. Returning InvalidAction to a12
[ NORMAL ]   ##   No valid document received in time. Returning InvalidAction to a16
[ NORMAL ]   ##   No valid document received in time. Returning InvalidAction to a8
[ NORMAL ]   ##   No valid document received in time. Returning InvalidAction to a9
[ NORMAL ]   ##   No valid document received in time. Returning InvalidAction to a3
[ NORMAL ]   ##   No valid document received in time. Returning InvalidAction to a7
[ NORMAL ]   ##   Simulation at step: 6
[ DEBUG  ]  15:22:27 1 massim.framework.ObjectDumperObserver.notifySimulationState:57
